c:\projects\cpp\syncfiles\syncfiles\debug\vc142.pdb
c:\projects\cpp\syncfiles\syncfiles\debug\vc142.idb
c:\projects\cpp\syncfiles\syncfiles\debug\util.obj
c:\projects\cpp\syncfiles\syncfiles\debug\tcpsock.obj
c:\projects\cpp\syncfiles\syncfiles\debug\sendfilenamesanddates.obj
c:\projects\cpp\syncfiles\syncfiles\debug\sendfile.obj
c:\projects\cpp\syncfiles\syncfiles\debug\recvbuffer.obj
c:\projects\cpp\syncfiles\syncfiles\debug\readconfig.obj
c:\projects\cpp\syncfiles\syncfiles\debug\main.obj
c:\projects\cpp\syncfiles\syncfiles\debug\linbak.obj
c:\projects\cpp\syncfiles\syncfiles\debug\handlerequests.obj
c:\projects\cpp\syncfiles\syncfiles\debug\findfilenamesanddates.obj
c:\projects\cpp\syncfiles\syncfiles\debug\exceptlinbak.obj
c:\projects\cpp\syncfiles\syncfiles\debug\dirbrowse.obj
c:\projects\cpp\fileupdate\syncfiles\syncfiles\debug\vc142.pdb
c:\projects\cpp\fileupdate\syncfiles\syncfiles\debug\vc142.idb
c:\projects\cpp\fileupdate\syncfiles\syncfiles\debug\util.obj
c:\projects\cpp\fileupdate\syncfiles\syncfiles\debug\tcpsock.obj
c:\projects\cpp\fileupdate\syncfiles\syncfiles\debug\sendfilenamesanddates.obj
c:\projects\cpp\fileupdate\syncfiles\syncfiles\debug\sendfile.obj
c:\projects\cpp\fileupdate\syncfiles\syncfiles\debug\recvbuffer.obj
c:\projects\cpp\fileupdate\syncfiles\syncfiles\debug\readconfig.obj
c:\projects\cpp\fileupdate\syncfiles\syncfiles\debug\main.obj
c:\projects\cpp\fileupdate\syncfiles\syncfiles\debug\linbak.obj
c:\projects\cpp\fileupdate\syncfiles\syncfiles\debug\handlerequests.obj
c:\projects\cpp\fileupdate\syncfiles\syncfiles\debug\findfilenamesanddates.obj
c:\projects\cpp\fileupdate\syncfiles\syncfiles\debug\exceptlinbak.obj
c:\projects\cpp\fileupdate\syncfiles\syncfiles\debug\dirbrowse.obj
c:\projects\cpp\syncfiles\syncfiles\debug\syncfiles.ilk
c:\projects\cpp\syncfiles\syncfiles\debug\syncfiles.exe
c:\projects\cpp\syncfiles\syncfiles\debug\syncfiles.pdb
c:\projects\cpp\fileupdate\syncfiles\syncfiles\debug\syncfiles.exe
c:\projects\cpp\fileupdate\syncfiles\syncfiles\debug\syncfiles.ilk
c:\projects\cpp\fileupdate\syncfiles\syncfiles\debug\syncfiles.pdb
c:\projects\cpp\fileupdate\syncfiles\syncfiles\debug\syncfiles.tlog\cl.command.1.tlog
c:\projects\cpp\fileupdate\syncfiles\syncfiles\debug\syncfiles.tlog\cl.read.1.tlog
c:\projects\cpp\fileupdate\syncfiles\syncfiles\debug\syncfiles.tlog\cl.write.1.tlog
c:\projects\cpp\fileupdate\syncfiles\syncfiles\debug\syncfiles.tlog\link.command.1.tlog
c:\projects\cpp\fileupdate\syncfiles\syncfiles\debug\syncfiles.tlog\link.read.1.tlog
c:\projects\cpp\fileupdate\syncfiles\syncfiles\debug\syncfiles.tlog\link.write.1.tlog
