     0>Search paths being used for $(MSBuildExtensionsPath) are C:\Program Files (x86)\Microsoft Visual Studio\2019\Community\MSBuild;$(MSBuildProgramFiles32)\MSBuild
       Trying to import C:\Program Files (x86)\Microsoft Visual Studio\2019\Community\MSBuild\$(MSBuildToolsVersion)\Microsoft.Common.props using extensions path C:\Program Files (x86)\Microsoft Visual Studio\2019\Community\MSBuild
       Property reassignment: $(MSBuildProjectExtensionsPath)="C:\projects\cpp\fileupdate\syncfiles\syncfiles\obj\" (previous value: "obj\") at C:\Program Files (x86)\Microsoft Visual Studio\2019\Community\MSBuild\Current\Microsoft.Common.props (56,5)
       Search paths being used for $(MSBuildExtensionsPath) are C:\Program Files (x86)\Microsoft Visual Studio\2019\Community\MSBuild;$(MSBuildProgramFiles32)\MSBuild
       Trying to import C:\Program Files (x86)\Microsoft Visual Studio\2019\Community\MSBuild\$(MSBuildToolsVersion)\Imports\Microsoft.Common.props\ImportBefore\* using extensions path C:\Program Files (x86)\Microsoft Visual Studio\2019\Community\MSBuild
       Search paths being used for $(MSBuildExtensionsPath) are C:\Program Files (x86)\Microsoft Visual Studio\2019\Community\MSBuild;$(MSBuildProgramFiles32)\MSBuild
       The "Configuration" property is a global property, and cannot be modified.
       Search paths being used for $(MSBuildExtensionsPath) are C:\Program Files (x86)\Microsoft Visual Studio\2019\Community\MSBuild;$(MSBuildProgramFiles32)\MSBuild
       Search paths being used for $(MSBuildExtensionsPath) are C:\Program Files (x86)\Microsoft Visual Studio\2019\Community\MSBuild;$(MSBuildProgramFiles32)\MSBuild
       The "Configuration" property is a global property, and cannot be modified.
       Property reassignment: $(PlatformToolset)="v100" (previous value: "") at C:\Program Files (x86)\Microsoft Visual Studio\2019\Community\MSBuild\Microsoft\VC\v160\Platforms\Win32\Platform.Default.props (29,5)
       The "LangID" property is a global property, and cannot be modified.
       The "SolutionDir" property is a global property, and cannot be modified.
       Property reassignment: $(UseDebugLibraries)="true" (previous value: "false") at C:\projects\cpp\fileupdate\syncfiles\syncfiles\syncfiles.vcxproj (30,5)
       Property reassignment: $(PlatformToolset)="v142" (previous value: "v100") at C:\projects\cpp\fileupdate\syncfiles\syncfiles\syncfiles.vcxproj (31,5)
       Property reassignment: $(CharacterSet)="MultiByte" (previous value: "NotSet") at C:\projects\cpp\fileupdate\syncfiles\syncfiles\syncfiles.vcxproj (32,5)
       Property reassignment: $(WindowsSDK_ExecutablePath_x86)="C:\Program Files (x86)\Windows Kits\10\bin\10.0.18362.0\x86;;C:\Program Files (x86)\Microsoft SDKs\Windows\v10.0A\bin\NETFX 4.8 Tools" (previous value: "C:\Program Files (x86)\Windows Kits\10\bin\10.0.18362.0\x86;") at C:\Program Files (x86)\Microsoft Visual Studio\2019\Community\MSBuild\Microsoft\VC\v160\Microsoft.Cpp.WindowsSDK.props (192,5)
       Property reassignment: $(WindowsSDK_ExecutablePath_x64)="C:\Program Files (x86)\Windows Kits\10\bin\10.0.18362.0\x64;;C:\Program Files (x86)\Microsoft SDKs\Windows\v10.0A\bin\NETFX 4.8 Tools\x64" (previous value: "C:\Program Files (x86)\Windows Kits\10\bin\10.0.18362.0\x64;") at C:\Program Files (x86)\Microsoft Visual Studio\2019\Community\MSBuild\Microsoft\VC\v160\Microsoft.Cpp.WindowsSDK.props (193,5)
       Property reassignment: $(TargetExt)=".exe" (previous value: "") at C:\Program Files (x86)\Microsoft Visual Studio\2019\Community\MSBuild\Microsoft\VC\v160\Microsoft.Cpp.Common.props (28,5)
       Property reassignment: $(VC_ExecutablePath_Loc)="C:\Program Files (x86)\Microsoft Visual Studio\2019\Community\VC\Tools\MSVC\14.27.29110\bin\HostX64\x64\1033;C:\Program Files (x86)\Microsoft Visual Studio\2019\Community\VC\Tools\MSVC\14.27.29110\bin\HostX64\x86\1033;;;" (previous value: "C:\Program Files (x86)\Microsoft Visual Studio\2019\Community\VC\Tools\MSVC\14.27.29110\bin\HostX64\x86\1033;;") at C:\Program Files (x86)\Microsoft Visual Studio\2019\Community\MSBuild\Microsoft\VC\v160\Microsoft.Cpp.Common.props (94,5)
       Property reassignment: $(VC_ExecutablePath_Loc)="C:\Program Files (x86)\Microsoft Visual Studio\2019\Community\VC\Tools\MSVC\14.27.29110\bin\HostX64\arm\1033;C:\Program Files (x86)\Microsoft Visual Studio\2019\Community\VC\Tools\MSVC\14.27.29110\bin\HostX64\x64\1033;C:\Program Files (x86)\Microsoft Visual Studio\2019\Community\VC\Tools\MSVC\14.27.29110\bin\HostX64\x86\1033;;;;" (previous value: "C:\Program Files (x86)\Microsoft Visual Studio\2019\Community\VC\Tools\MSVC\14.27.29110\bin\HostX64\x64\1033;C:\Program Files (x86)\Microsoft Visual Studio\2019\Community\VC\Tools\MSVC\14.27.29110\bin\HostX64\x86\1033;;;") at C:\Program Files (x86)\Microsoft Visual Studio\2019\Community\MSBuild\Microsoft\VC\v160\Microsoft.Cpp.Common.props (95,5)
       Property reassignment: $(VC_ExecutablePath_Loc)="C:\Program Files (x86)\Microsoft Visual Studio\2019\Community\VC\Tools\MSVC\14.27.29110\bin\HostX64\arm64\1033;C:\Program Files (x86)\Microsoft Visual Studio\2019\Community\VC\Tools\MSVC\14.27.29110\bin\HostX64\arm\1033;C:\Program Files (x86)\Microsoft Visual Studio\2019\Community\VC\Tools\MSVC\14.27.29110\bin\HostX64\x64\1033;C:\Program Files (x86)\Microsoft Visual Studio\2019\Community\VC\Tools\MSVC\14.27.29110\bin\HostX64\x86\1033;;;;;" (previous value: "C:\Program Files (x86)\Microsoft Visual Studio\2019\Community\VC\Tools\MSVC\14.27.29110\bin\HostX64\arm\1033;C:\Program Files (x86)\Microsoft Visual Studio\2019\Community\VC\Tools\MSVC\14.27.29110\bin\HostX64\x64\1033;C:\Program Files (x86)\Microsoft Visual Studio\2019\Community\VC\Tools\MSVC\14.27.29110\bin\HostX64\x86\1033;;;;") at C:\Program Files (x86)\Microsoft Visual Studio\2019\Community\MSBuild\Microsoft\VC\v160\Microsoft.Cpp.Common.props (96,5)
       Property reassignment: $(VC_ExecutablePath_Loc)="C:\Program Files (x86)\Microsoft Visual Studio\2019\Community\VC\Tools\MSVC\14.27.29110\bin\HostX86\x86\1033;C:\Program Files (x86)\Microsoft Visual Studio\2019\Community\VC\Tools\MSVC\14.27.29110\bin\HostX64\arm64\1033;C:\Program Files (x86)\Microsoft Visual Studio\2019\Community\VC\Tools\MSVC\14.27.29110\bin\HostX64\arm\1033;C:\Program Files (x86)\Microsoft Visual Studio\2019\Community\VC\Tools\MSVC\14.27.29110\bin\HostX64\x64\1033;C:\Program Files (x86)\Microsoft Visual Studio\2019\Community\VC\Tools\MSVC\14.27.29110\bin\HostX64\x86\1033;;;;;;" (previous value: "C:\Program Files (x86)\Microsoft Visual Studio\2019\Community\VC\Tools\MSVC\14.27.29110\bin\HostX64\arm64\1033;C:\Program Files (x86)\Microsoft Visual Studio\2019\Community\VC\Tools\MSVC\14.27.29110\bin\HostX64\arm\1033;C:\Program Files (x86)\Microsoft Visual Studio\2019\Community\VC\Tools\MSVC\14.27.29110\bin\HostX64\x64\1033;C:\Program Files (x86)\Microsoft Visual Studio\2019\Community\VC\Tools\MSVC\14.27.29110\bin\HostX64\x86\1033;;;;;") at C:\Program Files (x86)\Microsoft Visual Studio\2019\Community\MSBuild\Microsoft\VC\v160\Microsoft.Cpp.Common.props (97,5)
       Property reassignment: $(VC_ExecutablePath_Loc)="C:\Program Files (x86)\Microsoft Visual Studio\2019\Community\VC\Tools\MSVC\14.27.29110\bin\HostX86\x64\1033;C:\Program Files (x86)\Microsoft Visual Studio\2019\Community\VC\Tools\MSVC\14.27.29110\bin\HostX86\x86\1033;C:\Program Files (x86)\Microsoft Visual Studio\2019\Community\VC\Tools\MSVC\14.27.29110\bin\HostX64\arm64\1033;C:\Program Files (x86)\Microsoft Visual Studio\2019\Community\VC\Tools\MSVC\14.27.29110\bin\HostX64\arm\1033;C:\Program Files (x86)\Microsoft Visual Studio\2019\Community\VC\Tools\MSVC\14.27.29110\bin\HostX64\x64\1033;C:\Program Files (x86)\Microsoft Visual Studio\2019\Community\VC\Tools\MSVC\14.27.29110\bin\HostX64\x86\1033;;;;;;;" (previous value: "C:\Program Files (x86)\Microsoft Visual Studio\2019\Community\VC\Tools\MSVC\14.27.29110\bin\HostX86\x86\1033;C:\Program Files (x86)\Microsoft Visual Studio\2019\Community\VC\Tools\MSVC\14.27.29110\bin\HostX64\arm64\1033;C:\Program Files (x86)\Microsoft Visual Studio\2019\Community\VC\Tools\MSVC\14.27.29110\bin\HostX64\arm\1033;C:\Program Files (x86)\Microsoft Visual Studio\2019\Community\VC\Tools\MSVC\14.27.29110\bin\HostX64\x64\1033;C:\Program Files (x86)\Microsoft Visual Studio\2019\Community\VC\Tools\MSVC\14.27.29110\bin\HostX64\x86\1033;;;;;;") at C:\Program Files (x86)\Microsoft Visual Studio\2019\Community\MSBuild\Microsoft\VC\v160\Microsoft.Cpp.Common.props (98,5)
       Property reassignment: $(VC_ExecutablePath_Loc)="C:\Program Files (x86)\Microsoft Visual Studio\2019\Community\VC\Tools\MSVC\14.27.29110\bin\HostX86\arm64\1033;C:\Program Files (x86)\Microsoft Visual Studio\2019\Community\VC\Tools\MSVC\14.27.29110\bin\HostX86\x64\1033;C:\Program Files (x86)\Microsoft Visual Studio\2019\Community\VC\Tools\MSVC\14.27.29110\bin\HostX86\x86\1033;C:\Program Files (x86)\Microsoft Visual Studio\2019\Community\VC\Tools\MSVC\14.27.29110\bin\HostX64\arm64\1033;C:\Program Files (x86)\Microsoft Visual Studio\2019\Community\VC\Tools\MSVC\14.27.29110\bin\HostX64\arm\1033;C:\Program Files (x86)\Microsoft Visual Studio\2019\Community\VC\Tools\MSVC\14.27.29110\bin\HostX64\x64\1033;C:\Program Files (x86)\Microsoft Visual Studio\2019\Community\VC\Tools\MSVC\14.27.29110\bin\HostX64\x86\1033;;;;;;;;" (previous value: "C:\Program Files (x86)\Microsoft Visual Studio\2019\Community\VC\Tools\MSVC\14.27.29110\bin\HostX86\x64\1033;C:\Program Files (x86)\Microsoft Visual Studio\2019\Community\VC\Tools\MSVC\14.27.29110\bin\HostX86\x86\1033;C:\Program Files (x86)\Microsoft Visual Studio\2019\Community\VC\Tools\MSVC\14.27.29110\bin\HostX64\arm64\1033;C:\Program Files (x86)\Microsoft Visual Studio\2019\Community\VC\Tools\MSVC\14.27.29110\bin\HostX64\arm\1033;C:\Program Files (x86)\Microsoft Visual Studio\2019\Community\VC\Tools\MSVC\14.27.29110\bin\HostX64\x64\1033;C:\Program Files (x86)\Microsoft Visual Studio\2019\Community\VC\Tools\MSVC\14.27.29110\bin\HostX64\x86\1033;;;;;;;") at C:\Program Files (x86)\Microsoft Visual Studio\2019\Community\MSBuild\Microsoft\VC\v160\Microsoft.Cpp.Common.props (99,5)
       Property reassignment: $(RemoteDebuggerDeployDebugCppRuntime)="true" (previous value: "false") at C:\Program Files (x86)\Microsoft Visual Studio\2019\Community\MSBuild\Microsoft\VC\v160\Microsoft.Cpp.Common.props (149,5)
       Property reassignment: $(MultiProcMaxCount)="0" (previous value: "") at C:\Program Files (x86)\Microsoft Visual Studio\2019\Community\MSBuild\Microsoft\VC\v160\Microsoft.Cpp.Common.props (203,5)
       Property reassignment: $(EspXtensions)="ConcurrencyCheck.dll;CppCoreCheck.dll;" (previous value: "CppCoreCheck.dll;") at C:\Program Files (x86)\Microsoft Visual Studio\2019\Community\MSBuild\Microsoft\VC\v160\Microsoft.CodeAnalysis.Extensions.props (23,5)
       Property reassignment: $(MsvcAnalysisToolsPath)="C:\Program Files (x86)\Microsoft Visual Studio\2019\Community\VC\Tools\MSVC\14.27.29110\bin\HostX86\x86" (previous value: "C:\Program Files (x86)\Microsoft Visual Studio\2019\Community\VC\Tools\MSVC\14.27.29110\bin\HostX64\x86") at C:\Program Files (x86)\Microsoft Visual Studio\2019\Community\MSBuild\Microsoft\VC\v160\Microsoft.Cpp.Analysis.props (28,5)
       Property reassignment: $(VC_IncludePath)="C:\Program Files (x86)\Microsoft Visual Studio\2019\Community\VC\Tools\MSVC\14.27.29110\include;;C:\Program Files (x86)\Microsoft Visual Studio\2019\Community\VC\Tools\MSVC\14.27.29110\atlmfc\include;;C:\Program Files (x86)\Microsoft Visual Studio\2019\Community\VC\Auxiliary\VS\include;;C:\Program Files (x86)\Windows Kits\10\Include\10.0.18362.0\ucrt;;;C:\Program Files (x86)\Microsoft Visual Studio\2019\Community\VC\Auxiliary\VS\UnitTest\include" (previous value: "C:\Program Files (x86)\Microsoft Visual Studio\2019\Community\VC\Tools\MSVC\14.27.29110\include;;C:\Program Files (x86)\Microsoft Visual Studio\2019\Community\VC\Tools\MSVC\14.27.29110\atlmfc\include;;C:\Program Files (x86)\Microsoft Visual Studio\2019\Community\VC\Auxiliary\VS\include;;C:\Program Files (x86)\Windows Kits\10\Include\10.0.18362.0\ucrt;;") at C:\Program Files (x86)\Microsoft Visual Studio\2019\Community\MSBuild\Microsoft\VC\v160\Microsoft.Cpp.UnitTest.props (17,5)
       Property reassignment: $(VC_LibraryPath_x86)="C:\Program Files (x86)\Microsoft Visual Studio\2019\Community\VC\Tools\MSVC\14.27.29110\lib\x86;;C:\Program Files (x86)\Microsoft Visual Studio\2019\Community\VC\Tools\MSVC\14.27.29110\atlmfc\lib\x86;;C:\Program Files (x86)\Microsoft Visual Studio\2019\Community\VC\Auxiliary\VS\lib\x86;;C:\Program Files (x86)\Windows Kits\10\lib\10.0.18362.0\ucrt\x86;;;C:\Program Files (x86)\Microsoft Visual Studio\2019\Community\VC\Auxiliary\VS\UnitTest\lib" (previous value: "C:\Program Files (x86)\Microsoft Visual Studio\2019\Community\VC\Tools\MSVC\14.27.29110\lib\x86;;C:\Program Files (x86)\Microsoft Visual Studio\2019\Community\VC\Tools\MSVC\14.27.29110\atlmfc\lib\x86;;C:\Program Files (x86)\Microsoft Visual Studio\2019\Community\VC\Auxiliary\VS\lib\x86;;C:\Program Files (x86)\Windows Kits\10\lib\10.0.18362.0\ucrt\x86;;") at C:\Program Files (x86)\Microsoft Visual Studio\2019\Community\MSBuild\Microsoft\VC\v160\Microsoft.Cpp.UnitTest.props (19,5)
       Property reassignment: $(VC_LibraryPath_x64)="C:\Program Files (x86)\Microsoft Visual Studio\2019\Community\VC\Tools\MSVC\14.27.29110\lib\x64;;C:\Program Files (x86)\Microsoft Visual Studio\2019\Community\VC\Tools\MSVC\14.27.29110\atlmfc\lib\x64;;C:\Program Files (x86)\Microsoft Visual Studio\2019\Community\VC\Auxiliary\VS\lib\x64;;C:\Program Files (x86)\Windows Kits\10\lib\10.0.18362.0\ucrt\x64;;;C:\Program Files (x86)\Microsoft Visual Studio\2019\Community\VC\Auxiliary\VS\UnitTest\lib" (previous value: "C:\Program Files (x86)\Microsoft Visual Studio\2019\Community\VC\Tools\MSVC\14.27.29110\lib\x64;;C:\Program Files (x86)\Microsoft Visual Studio\2019\Community\VC\Tools\MSVC\14.27.29110\atlmfc\lib\x64;;C:\Program Files (x86)\Microsoft Visual Studio\2019\Community\VC\Auxiliary\VS\lib\x64;;C:\Program Files (x86)\Windows Kits\10\lib\10.0.18362.0\ucrt\x64;;") at C:\Program Files (x86)\Microsoft Visual Studio\2019\Community\MSBuild\Microsoft\VC\v160\Microsoft.Cpp.UnitTest.props (20,5)
       Property reassignment: $(VC_LibraryPath_ARM)="C:\Program Files (x86)\Microsoft Visual Studio\2019\Community\VC\Tools\MSVC\14.27.29110\lib\ARM;;C:\Program Files (x86)\Microsoft Visual Studio\2019\Community\VC\Tools\MSVC\14.27.29110\atlmfc\lib\ARM;;C:\Program Files (x86)\Microsoft Visual Studio\2019\Community\VC\Auxiliary\VS\lib\ARM;;C:\Program Files (x86)\Windows Kits\10\lib\10.0.18362.0\ucrt\arm;;;C:\Program Files (x86)\Microsoft Visual Studio\2019\Community\VC\Auxiliary\VS\UnitTest\lib" (previous value: "C:\Program Files (x86)\Microsoft Visual Studio\2019\Community\VC\Tools\MSVC\14.27.29110\lib\ARM;;C:\Program Files (x86)\Microsoft Visual Studio\2019\Community\VC\Tools\MSVC\14.27.29110\atlmfc\lib\ARM;;C:\Program Files (x86)\Microsoft Visual Studio\2019\Community\VC\Auxiliary\VS\lib\ARM;;C:\Program Files (x86)\Windows Kits\10\lib\10.0.18362.0\ucrt\arm;;") at C:\Program Files (x86)\Microsoft Visual Studio\2019\Community\MSBuild\Microsoft\VC\v160\Microsoft.Cpp.UnitTest.props (21,5)
       Property reassignment: $(_PropertySheetDisplayName)="Multi-byte Character Support" (previous value: "Core Windows Libraries") at C:\Program Files (x86)\Microsoft Visual Studio\2019\Community\MSBuild\Microsoft\VC\v160\Microsoft.Cpp.MultiByteCharSupport.props (15,5)
       Property reassignment: $(_PropertySheetDisplayName)="Application" (previous value: "Multi-byte Character Support") at C:\Program Files (x86)\Microsoft Visual Studio\2019\Community\MSBuild\Microsoft\VC\v160\Microsoft.Cpp.Application.props (15,5)
       Property reassignment: $(IncludePath)="c:\boost_1_74_0;C:\Program Files (x86)\Microsoft Visual Studio\2019\Community\VC\Tools\MSVC\14.27.29110\include;;C:\Program Files (x86)\Microsoft Visual Studio\2019\Community\VC\Tools\MSVC\14.27.29110\atlmfc\include;;C:\Program Files (x86)\Microsoft Visual Studio\2019\Community\VC\Auxiliary\VS\include;;C:\Program Files (x86)\Windows Kits\10\Include\10.0.18362.0\ucrt;;;C:\Program Files (x86)\Microsoft Visual Studio\2019\Community\VC\Auxiliary\VS\UnitTest\include;C:\Program Files (x86)\Windows Kits\10\Include\10.0.18362.0\um;C:\Program Files (x86)\Windows Kits\10\Include\10.0.18362.0\shared;C:\Program Files (x86)\Windows Kits\10\Include\10.0.18362.0\winrt;C:\Program Files (x86)\Windows Kits\10\Include\10.0.18362.0\cppwinrt;C:\Program Files (x86)\Windows Kits\NETFXSDK\4.8\Include\um;" (previous value: "C:\Program Files (x86)\Microsoft Visual Studio\2019\Community\VC\Tools\MSVC\14.27.29110\include;;C:\Program Files (x86)\Microsoft Visual Studio\2019\Community\VC\Tools\MSVC\14.27.29110\atlmfc\include;;C:\Program Files (x86)\Microsoft Visual Studio\2019\Community\VC\Auxiliary\VS\include;;C:\Program Files (x86)\Windows Kits\10\Include\10.0.18362.0\ucrt;;;C:\Program Files (x86)\Microsoft Visual Studio\2019\Community\VC\Auxiliary\VS\UnitTest\include;C:\Program Files (x86)\Windows Kits\10\Include\10.0.18362.0\um;C:\Program Files (x86)\Windows Kits\10\Include\10.0.18362.0\shared;C:\Program Files (x86)\Windows Kits\10\Include\10.0.18362.0\winrt;C:\Program Files (x86)\Windows Kits\10\Include\10.0.18362.0\cppwinrt;C:\Program Files (x86)\Windows Kits\NETFXSDK\4.8\Include\um;") at C:\projects\cpp\fileupdate\syncfiles\syncfiles\syncfiles.vcxproj (74,5)
       The "SolutionExt" property is a global property, and cannot be modified.
       Property reassignment: $(ExtensionsToDeleteOnClean)="*.cdf;*.cache;*.obj;*.obj.enc;*.ilk;*.ipdb;*.iobj;*.resources;*.tlb;*.tli;*.tlh;*.tmp;*.rsp;*.pgc;*.pgd;*.meta;*.tlog;*.manifest;*.res;*.pch;*.exp;*.idb;*.rep;*.xdc;*.pdb;*_manifest.rc;*.bsc;*.sbr;*.xml;*.metagen;*.bi;C:\projects\cpp\fileupdate\syncfiles\syncfiles\Debug\syncfiles.exe.manifest;C:\projects\cpp\fileupdate\syncfiles\syncfiles\Debug\syncfiles.tlb;C:\projects\cpp\fileupdate\syncfiles\syncfiles\Debug\syncfiles.pdb;C:\projects\cpp\fileupdate\syncfiles\syncfiles\Debug\syncfiles.exe;C:\projects\cpp\fileupdate\syncfiles\syncfiles\Debug\syncfiles.bsc;C:\projects\cpp\fileupdate\syncfiles\syncfiles\Debug\syncfiles.ilk;C:\projects\cpp\fileupdate\syncfiles\syncfiles\Debug\syncfiles.exe.intermediate.manifest;" (previous value: "*.cdf;*.cache;*.obj;*.obj.enc;*.ilk;*.ipdb;*.iobj;*.resources;*.tlb;*.tli;*.tlh;*.tmp;*.rsp;*.pgc;*.pgd;*.meta;*.tlog;*.manifest;*.res;*.pch;*.exp;*.idb;*.rep;*.xdc;*.pdb;*_manifest.rc;*.bsc;*.sbr;*.xml;*.metagen;*.bi") at C:\Program Files (x86)\Microsoft Visual Studio\2019\Community\MSBuild\Microsoft\VC\v160\Microsoft.CppCommon.targets (35,5)
       Search paths being used for $(MSBuildExtensionsPath) are C:\Program Files (x86)\Microsoft Visual Studio\2019\Community\MSBuild;$(MSBuildProgramFiles32)\MSBuild
       Search paths being used for $(MSBuildExtensionsPath) are C:\Program Files (x86)\Microsoft Visual Studio\2019\Community\MSBuild;$(MSBuildProgramFiles32)\MSBuild
       Search paths being used for $(MSBuildExtensionsPath) are C:\Program Files (x86)\Microsoft Visual Studio\2019\Community\MSBuild;$(MSBuildProgramFiles32)\MSBuild
       Search paths being used for $(MSBuildExtensionsPath) are C:\Program Files (x86)\Microsoft Visual Studio\2019\Community\MSBuild;$(MSBuildProgramFiles32)\MSBuild
       The "Configuration" property is a global property, and cannot be modified.
       Property reassignment: $(_DebugSymbolsProduced)="true" (previous value: "false") at C:\Program Files (x86)\Microsoft Visual Studio\2019\Community\MSBuild\Current\Bin\Microsoft.Common.CurrentVersion.targets (149,5)
       Property reassignment: $(_DocumentationFileProduced)="false" (previous value: "true") at C:\Program Files (x86)\Microsoft Visual Studio\2019\Community\MSBuild\Current\Bin\Microsoft.Common.CurrentVersion.targets (158,5)
       Property reassignment: $(TargetDir)="C:\projects\cpp\fileupdate\syncfiles\syncfiles\Debug\" (previous value: "C:\projects\cpp\fileupdate\syncfiles\syncfiles\Debug") at C:\Program Files (x86)\Microsoft Visual Studio\2019\Community\MSBuild\Current\Bin\Microsoft.Common.CurrentVersion.targets (284,5)
       The "DevEnvDir" property is a global property, and cannot be modified.
       The "SolutionName" property is a global property, and cannot be modified.
       The "SolutionFileName" property is a global property, and cannot be modified.
       The "SolutionPath" property is a global property, and cannot be modified.
       The "SolutionDir" property is a global property, and cannot be modified.
       The "SolutionExt" property is a global property, and cannot be modified.
       Property reassignment: $(AutoUnifyAssemblyReferences)="false" (previous value: "true") at C:\Program Files (x86)\Microsoft Visual Studio\2019\Community\MSBuild\Current\Bin\Microsoft.Common.CurrentVersion.targets (333,5)
       Property reassignment: $(DelaySign)="" (previous value: "false") at C:\Program Files (x86)\Microsoft Visual Studio\2019\Community\MSBuild\Current\Bin\Microsoft.Common.CurrentVersion.targets (527,5)
       Property reassignment: $(_SGenGenerateSerializationAssembliesConfig)="Auto" (previous value: "") at C:\Program Files (x86)\Microsoft Visual Studio\2019\Community\MSBuild\Current\Bin\Microsoft.Common.CurrentVersion.targets (3491,5)
       Property reassignment: $(_SGenGenerateSerializationAssembliesConfig)="Off" (previous value: "Auto") at C:\Program Files (x86)\Microsoft Visual Studio\2019\Community\MSBuild\Current\Bin\Microsoft.Common.CurrentVersion.targets (3492,5)
       Property reassignment: $(CAExcludePath)="C:\Program Files (x86)\Windows Kits\10\Include\10.0.18362.0\ucrt;;C:\Program Files (x86)\Windows Kits\10\Include\10.0.18362.0\um;C:\Program Files (x86)\Windows Kits\10\Include\10.0.18362.0\shared;C:\Program Files (x86)\Windows Kits\10\Include\10.0.18362.0\winrt;C:\Program Files (x86)\Windows Kits\10\Include\10.0.18362.0\cppwinrt;C:\Program Files (x86)\Windows Kits\NETFXSDK\4.8\Include\um;" (previous value: "C:\Program Files (x86)\Windows Kits\10\Include\10.0.18362.0\um;C:\Program Files (x86)\Windows Kits\10\Include\10.0.18362.0\shared;C:\Program Files (x86)\Windows Kits\10\Include\10.0.18362.0\winrt;C:\Program Files (x86)\Windows Kits\10\Include\10.0.18362.0\cppwinrt;C:\Program Files (x86)\Windows Kits\NETFXSDK\4.8\Include\um;") at C:\Program Files (x86)\Microsoft Visual Studio\2019\Community\MSBuild\Microsoft\VisualStudio\v16.0\CodeAnalysis\Microsoft.CodeAnalysis.targets (267,5)
       Property reassignment: $(CAExcludePath)="C:\Program Files (x86)\Microsoft Visual Studio\2019\Community\VC\Tools\MSVC\14.27.29110\include;C:\Program Files (x86)\Windows Kits\10\Include\10.0.18362.0\ucrt;;C:\Program Files (x86)\Windows Kits\10\Include\10.0.18362.0\um;C:\Program Files (x86)\Windows Kits\10\Include\10.0.18362.0\shared;C:\Program Files (x86)\Windows Kits\10\Include\10.0.18362.0\winrt;C:\Program Files (x86)\Windows Kits\10\Include\10.0.18362.0\cppwinrt;C:\Program Files (x86)\Windows Kits\NETFXSDK\4.8\Include\um;" (previous value: "C:\Program Files (x86)\Windows Kits\10\Include\10.0.18362.0\ucrt;;C:\Program Files (x86)\Windows Kits\10\Include\10.0.18362.0\um;C:\Program Files (x86)\Windows Kits\10\Include\10.0.18362.0\shared;C:\Program Files (x86)\Windows Kits\10\Include\10.0.18362.0\winrt;C:\Program Files (x86)\Windows Kits\10\Include\10.0.18362.0\cppwinrt;C:\Program Files (x86)\Windows Kits\NETFXSDK\4.8\Include\um;") at C:\Program Files (x86)\Microsoft Visual Studio\2019\Community\MSBuild\Microsoft\VisualStudio\v16.0\CodeAnalysis\Microsoft.CodeAnalysis.targets (268,5)
       Property reassignment: $(CAExcludePath)="C:\Program Files (x86)\Microsoft Visual Studio\2019\Community\VC\Tools\MSVC\14.27.29110\atlmfc\include;C:\Program Files (x86)\Microsoft Visual Studio\2019\Community\VC\Tools\MSVC\14.27.29110\include;C:\Program Files (x86)\Windows Kits\10\Include\10.0.18362.0\ucrt;;C:\Program Files (x86)\Windows Kits\10\Include\10.0.18362.0\um;C:\Program Files (x86)\Windows Kits\10\Include\10.0.18362.0\shared;C:\Program Files (x86)\Windows Kits\10\Include\10.0.18362.0\winrt;C:\Program Files (x86)\Windows Kits\10\Include\10.0.18362.0\cppwinrt;C:\Program Files (x86)\Windows Kits\NETFXSDK\4.8\Include\um;" (previous value: "C:\Program Files (x86)\Microsoft Visual Studio\2019\Community\VC\Tools\MSVC\14.27.29110\include;C:\Program Files (x86)\Windows Kits\10\Include\10.0.18362.0\ucrt;;C:\Program Files (x86)\Windows Kits\10\Include\10.0.18362.0\um;C:\Program Files (x86)\Windows Kits\10\Include\10.0.18362.0\shared;C:\Program Files (x86)\Windows Kits\10\Include\10.0.18362.0\winrt;C:\Program Files (x86)\Windows Kits\10\Include\10.0.18362.0\cppwinrt;C:\Program Files (x86)\Windows Kits\NETFXSDK\4.8\Include\um;") at C:\Program Files (x86)\Microsoft Visual Studio\2019\Community\MSBuild\Microsoft\VisualStudio\v16.0\CodeAnalysis\Microsoft.CodeAnalysis.targets (269,5)
       Property reassignment: $(PrepareForBuildDependsOn)=";GetFrameworkPaths;GetReferenceAssemblyPaths;AssignLinkMetadata;SetCABuildNativeEnvironmentVariables" (previous value: ";GetFrameworkPaths;GetReferenceAssemblyPaths;AssignLinkMetadata") at C:\Program Files (x86)\Microsoft Visual Studio\2019\Community\MSBuild\Microsoft\VisualStudio\v16.0\CodeAnalysis\Microsoft.CodeAnalysis.targets (272,5)
       Search paths being used for $(MSBuildExtensionsPath) are C:\Program Files (x86)\Microsoft Visual Studio\2019\Community\MSBuild;$(MSBuildProgramFiles32)\MSBuild
       Property reassignment: $(ResolveReferencesDependsOn)="
             
             BeforeResolveReferences;
             AssignProjectConfiguration;
             ResolveProjectReferences;
             FindInvalidProjectReferences;
             ResolveNativeReferences;
             ResolveAssemblyReferences;
             GenerateBindingRedirects;
             ResolveComReferences;
             AfterResolveReferences
           ;
             ImplicitlyExpandDesignTimeFacades
           " (previous value: "
             BeforeResolveReferences;
             AssignProjectConfiguration;
             ResolveProjectReferences;
             FindInvalidProjectReferences;
             ResolveNativeReferences;
             ResolveAssemblyReferences;
             GenerateBindingRedirects;
             ResolveComReferences;
             AfterResolveReferences
           ") at C:\Program Files (x86)\Microsoft Visual Studio\2019\Community\MSBuild\Current\Bin\Microsoft.NETFramework.CurrentVersion.targets (75,5)
       Property reassignment: $(PrepareResourceNamesDependsOn)="
                           AssignWinFXEmbeddedResource;
                           
             AssignTargetPaths;
             SplitResourcesByCulture;
             CreateManifestResourceNames;
             CreateCustomManifestResourceNames
           
             " (previous value: "
             AssignTargetPaths;
             SplitResourcesByCulture;
             CreateManifestResourceNames;
             CreateCustomManifestResourceNames
           ") at C:\Windows\Microsoft.NET\Framework\v4.0.30319\Microsoft.WinFx.targets (97,7)
       Property reassignment: $(PrepareResourcesDependsOn)="
                       MarkupCompilePass1;
                       AfterMarkupCompilePass1;
                       MarkupCompilePass2ForMainAssembly;
                       FileClassification;
                       MainResourcesGeneration;
                       
             ;
             PrepareResourceNames;
             ResGen;
             CompileLicxFiles
           
             " (previous value: "
             ;
             PrepareResourceNames;
             ResGen;
             CompileLicxFiles
           ") at C:\Windows\Microsoft.NET\Framework\v4.0.30319\Microsoft.WinFx.targets (108,7)
       Property reassignment: $(CompileDependsOn)="
               
             ResolveReferences;
             ResolveKeySource;
             SetWin32ManifestProperties;
             FindReferenceAssembliesForReferences;
             _GenerateCompileInputs;
             BeforeCompile;
             _TimeStampBeforeCompile;
             _GenerateCompileDependencyCache;
             CoreCompile;
             _TimeStampAfterCompile;
             AfterCompile;
           ;
               _AfterCompileWinFXInternal
           " (previous value: "
             ResolveReferences;
             ResolveKeySource;
             SetWin32ManifestProperties;
             FindReferenceAssembliesForReferences;
             _GenerateCompileInputs;
             BeforeCompile;
             _TimeStampBeforeCompile;
             _GenerateCompileDependencyCache;
             CoreCompile;
             _TimeStampAfterCompile;
             AfterCompile;
           ") at C:\Windows\Microsoft.NET\Framework\v4.0.30319\Microsoft.WinFx.targets (184,5)
       Property reassignment: $(PublishBuildDependsOn)="
                   BuildOnlySettings;
                   PrepareForBuild;
                   ResolveReferences;
                   PrepareResources;
                   ResolveKeySource;
                   PrepareResourcesForSatelliteAssemblies;
                   GenerateSerializationAssemblies;
                   CreateSatelliteAssemblies;
               " (previous value: "
             BuildOnlySettings;
             PrepareForBuild;
             ResolveReferences;
             PrepareResources;
             ResolveKeySource;
             GenerateSerializationAssemblies;
             CreateSatelliteAssemblies;
           ") at C:\Windows\Microsoft.NET\Framework\v4.0.30319\Microsoft.WinFx.targets (813,9)
       Property reassignment: $(BuildDependsOn)="
             EntityDeploy;
             
             BeforeBuild;
             CoreBuild;
             AfterBuild
           
           " (previous value: "
             BeforeBuild;
             CoreBuild;
             AfterBuild
           ") at C:\Windows\Microsoft.NET\Framework\v4.0.30319\Microsoft.Data.Entity.targets (35,5)
       Property reassignment: $(CleanDependsOn)="
             
             BeforeClean;
             UnmanagedUnregistration;
             CoreClean;
             CleanReferencedProjects;
             CleanPublishFolder;
             AfterClean
           ;
             EntityClean;
           " (previous value: "
             BeforeClean;
             UnmanagedUnregistration;
             CoreClean;
             CleanReferencedProjects;
             CleanPublishFolder;
             AfterClean
           ") at C:\Windows\Microsoft.NET\Framework\v4.0.30319\Microsoft.Data.Entity.targets (42,5)
       Search paths being used for $(MSBuildExtensionsPath) are C:\Program Files (x86)\Microsoft Visual Studio\2019\Community\MSBuild;$(MSBuildProgramFiles32)\MSBuild
       Property reassignment: $(PrepareResourcesDependsOn)="
             XamlMarkupCompilePass1;
             XamlMarkupCompilePass2;
             
                       MarkupCompilePass1;
                       AfterMarkupCompilePass1;
                       MarkupCompilePass2ForMainAssembly;
                       FileClassification;
                       MainResourcesGeneration;
                       
             ;
             PrepareResourceNames;
             ResGen;
             CompileLicxFiles
           
              
           " (previous value: "
                       MarkupCompilePass1;
                       AfterMarkupCompilePass1;
                       MarkupCompilePass2ForMainAssembly;
                       FileClassification;
                       MainResourcesGeneration;
                       
             ;
             PrepareResourceNames;
             ResGen;
             CompileLicxFiles
           
             ") at C:\Windows\Microsoft.NET\Framework\v4.0.30319\Microsoft.Xaml.targets (35,5)
       Property reassignment: $(CoreCompileDependsOn)="
               DesignTimeXamlMarkupCompilation;
               
                 DesignTimeMarkupCompilation;
                 
             
           " (previous value: "
                 DesignTimeMarkupCompilation;
                 
             ") at C:\Windows\Microsoft.NET\Framework\v4.0.30319\Microsoft.Xaml.targets (76,5)
       Property reassignment: $(ResolveReferencesDependsOn)="
             
             
             BeforeResolveReferences;
             AssignProjectConfiguration;
             ResolveProjectReferences;
             FindInvalidProjectReferences;
             ResolveNativeReferences;
             ResolveAssemblyReferences;
             GenerateBindingRedirects;
             ResolveComReferences;
             AfterResolveReferences
           ;
             ImplicitlyExpandDesignTimeFacades
           ;
             ResolveTestReferences
           " (previous value: "
             
             BeforeResolveReferences;
             AssignProjectConfiguration;
             ResolveProjectReferences;
             FindInvalidProjectReferences;
             ResolveNativeReferences;
             ResolveAssemblyReferences;
             GenerateBindingRedirects;
             ResolveComReferences;
             AfterResolveReferences
           ;
             ImplicitlyExpandDesignTimeFacades
           ") at C:\Program Files (x86)\Microsoft Visual Studio\2019\Community\MSBuild\Microsoft\VisualStudio\v16.0\TeamTest\Microsoft.TeamTest.targets (4,5)
       Property reassignment: $(MSBuildAllProjects)=";C:\Program Files (x86)\Microsoft Visual Studio\2019\Community\MSBuild\Current\Bin\Microsoft.Xaml.targets;C:\Program Files (x86)\Microsoft Visual Studio\2019\Community\Common7\IDE\CommonExtensions\Microsoft\NuGet\NuGet.targets" (previous value: ";C:\Program Files (x86)\Microsoft Visual Studio\2019\Community\MSBuild\Current\Bin\Microsoft.Xaml.targets") at C:\Program Files (x86)\Microsoft Visual Studio\2019\Community\Common7\IDE\CommonExtensions\Microsoft\NuGet\NuGet.targets (45,5)
       Search paths being used for $(MSBuildExtensionsPath) are C:\Program Files (x86)\Microsoft Visual Studio\2019\Community\MSBuild;$(MSBuildProgramFiles32)\MSBuild
       Trying to import C:\Program Files (x86)\Microsoft Visual Studio\2019\Community\MSBuild\$(MSBuildToolsVersion)\Microsoft.Common.targets\ImportAfter\* using extensions path C:\Program Files (x86)\Microsoft Visual Studio\2019\Community\MSBuild
       Search paths being used for $(MSBuildExtensionsPath) are C:\Program Files (x86)\Microsoft Visual Studio\2019\Community\MSBuild;$(MSBuildProgramFiles32)\MSBuild
       Trying to import C:\Program Files (x86)\Microsoft Visual Studio\2019\Community\MSBuild\Sdks\Microsoft.Docker.Sdk\build\Microsoft.Docker.targets using extensions path C:\Program Files (x86)\Microsoft Visual Studio\2019\Community\MSBuild
       Property reassignment: $(MSBuildAllProjects)=";C:\Program Files (x86)\Microsoft Visual Studio\2019\Community\MSBuild\Current\Bin\Microsoft.Xaml.targets;C:\Program Files (x86)\Microsoft Visual Studio\2019\Community\Common7\IDE\CommonExtensions\Microsoft\NuGet\NuGet.targets;C:\Program Files (x86)\Microsoft Visual Studio\2019\Community\MSBuild\Microsoft\NuGet\16.0\Microsoft.NuGet.targets" (previous value: ";C:\Program Files (x86)\Microsoft Visual Studio\2019\Community\MSBuild\Current\Bin\Microsoft.Xaml.targets;C:\Program Files (x86)\Microsoft Visual Studio\2019\Community\Common7\IDE\CommonExtensions\Microsoft\NuGet\NuGet.targets") at C:\Program Files (x86)\Microsoft Visual Studio\2019\Community\MSBuild\Microsoft\NuGet\16.0\Microsoft.NuGet.targets (67,5)
       Property reassignment: $(ResolveAssemblyReferencesDependsOn)="
             ResolveProjectReferences;
             FindInvalidProjectReferences;
             GetFrameworkPaths;
             GetReferenceAssemblyPaths;
             PrepareForBuild;
             ResolveSDKReferences;
             ExpandSDKReferences;
           ;ResolveNuGetPackageAssets" (previous value: "
             ResolveProjectReferences;
             FindInvalidProjectReferences;
             GetFrameworkPaths;
             GetReferenceAssemblyPaths;
             PrepareForBuild;
             ResolveSDKReferences;
             ExpandSDKReferences;
           ") at C:\Program Files (x86)\Microsoft Visual Studio\2019\Community\MSBuild\Microsoft\NuGet\16.0\Microsoft.NuGet.targets (173,5)
       Property reassignment: $(PrepareResourcesDependsOn)="ResolveNuGetPackageAssets;
             XamlMarkupCompilePass1;
             XamlMarkupCompilePass2;
             
                       MarkupCompilePass1;
                       AfterMarkupCompilePass1;
                       MarkupCompilePass2ForMainAssembly;
                       FileClassification;
                       MainResourcesGeneration;
                       
             ;
             PrepareResourceNames;
             ResGen;
             CompileLicxFiles
           
              
           " (previous value: "
             XamlMarkupCompilePass1;
             XamlMarkupCompilePass2;
             
                       MarkupCompilePass1;
                       AfterMarkupCompilePass1;
                       MarkupCompilePass2ForMainAssembly;
                       FileClassification;
                       MainResourcesGeneration;
                       
             ;
             PrepareResourceNames;
             ResGen;
             CompileLicxFiles
           
              
           ") at C:\Program Files (x86)\Microsoft Visual Studio\2019\Community\MSBuild\Microsoft\NuGet\16.0\Microsoft.NuGet.targets (174,5)
       Property reassignment: $(_HandlePackageFileConflictsAfter)="ResolveNuGetPackageAssets;ResolveNuGetPackageAssetsNonAOT" (previous value: "ResolveNuGetPackageAssets") at C:\Program Files (x86)\Microsoft Visual Studio\2019\Community\MSBuild\Microsoft\NuGet\16.0\Microsoft.NuGet.targets (255,5)
       Search paths being used for $(MSBuildExtensionsPath) are C:\Program Files (x86)\Microsoft Visual Studio\2019\Community\MSBuild;$(MSBuildProgramFiles32)\MSBuild
       Property reassignment: $(BuildDependsOn)="
             _PrepareForBuild;
             
             ResolveReferences;
             PrepareForBuild;
             InitializeBuildStatus;
             BuildGenerateSources;
             BuildCompile;
             BuildLink;
           ;
             AfterBuild;
             IncrementalClean;
             FinalizeBuildStatus;
           " (previous value: "
             EntityDeploy;
             
             BeforeBuild;
             CoreBuild;
             AfterBuild
           
           ") at C:\Program Files (x86)\Microsoft Visual Studio\2019\Community\MSBuild\Microsoft\VC\v160\Microsoft.BuildSteps.Targets (96,5)
       Property reassignment: $(RebuildDependsOn)="
             _PrepareForRebuild;
             
             BeforeRebuild;
             Clean;
             Build;
             AfterRebuild;
           ;
           " (previous value: "
             BeforeRebuild;
             Clean;
             Build;
             AfterRebuild;
           ") at C:\Program Files (x86)\Microsoft Visual Studio\2019\Community\MSBuild\Microsoft\VC\v160\Microsoft.BuildSteps.Targets (104,5)
       Property reassignment: $(CleanDependsOn)="
             _PrepareForClean;
             
             
             BeforeClean;
             UnmanagedUnregistration;
             CoreClean;
             CleanReferencedProjects;
             CleanPublishFolder;
             AfterClean
           ;
             EntityClean;
           ;
           " (previous value: "
             
             BeforeClean;
             UnmanagedUnregistration;
             CoreClean;
             CleanReferencedProjects;
             CleanPublishFolder;
             AfterClean
           ;
             EntityClean;
           ") at C:\Program Files (x86)\Microsoft Visual Studio\2019\Community\MSBuild\Microsoft\VC\v160\Microsoft.BuildSteps.Targets (109,5)
       Property reassignment: $(BeforeBuildGenerateSourcesTargets)="
             
             ;
             BeforeBuildGenerateSources;
           ;
           " (previous value: "
             ;
             BeforeBuildGenerateSources;
           ") at C:\Program Files (x86)\Microsoft Visual Studio\2019\Community\MSBuild\Microsoft\VC\v160\Microsoft.CppBuild.targets (62,5)
       Property reassignment: $(AfterBuildGenerateSourcesTargets)="
             
             ;
             AfterBuildGenerateSources;
           ;
             AfterBuildGenerateSourcesEvent;
           " (previous value: "
             ;
             AfterBuildGenerateSources;
           ") at C:\Program Files (x86)\Microsoft Visual Studio\2019\Community\MSBuild\Microsoft\VC\v160\Microsoft.CppBuild.targets (73,5)
       Property reassignment: $(BuildGenerateSourcesAction)="_BuildGenerateSourcesAction" (previous value: "Build") at C:\Program Files (x86)\Microsoft Visual Studio\2019\Community\MSBuild\Microsoft\VC\v160\Microsoft.CppBuild.targets (134,5)
       Property reassignment: $(BuildCompileAction)="_BuildCompileAction" (previous value: "Build") at C:\Program Files (x86)\Microsoft Visual Studio\2019\Community\MSBuild\Microsoft\VC\v160\Microsoft.CppBuild.targets (135,5)
       Property reassignment: $(BuildLinkAction)="_BuildLinkAction" (previous value: "Build") at C:\Program Files (x86)\Microsoft Visual Studio\2019\Community\MSBuild\Microsoft\VC\v160\Microsoft.CppBuild.targets (136,5)
       Property reassignment: $(GetReferenceAssemblyPathsDependsOn)="_PrepareForReferenceResolution;
               ;
               GetWinFXPath
           " (previous value: "
               ;
               GetWinFXPath
           ") at C:\Program Files (x86)\Microsoft Visual Studio\2019\Community\MSBuild\Microsoft\VC\v160\Microsoft.CppBuild.targets (141,5)
       Property reassignment: $(ResolveReferencesDependsOn)="_PrepareForReferenceResolution;ComputeCrtSDKReference;
             
             
             BeforeResolveReferences;
             AssignProjectConfiguration;
             ResolveProjectReferences;
             FindInvalidProjectReferences;
             ResolveNativeReferences;
             ResolveAssemblyReferences;
             GenerateBindingRedirects;
             ResolveComReferences;
             AfterResolveReferences
           ;
             ImplicitlyExpandDesignTimeFacades
           ;
             ResolveTestReferences
           " (previous value: "
             
             
             BeforeResolveReferences;
             AssignProjectConfiguration;
             ResolveProjectReferences;
             FindInvalidProjectReferences;
             ResolveNativeReferences;
             ResolveAssemblyReferences;
             GenerateBindingRedirects;
             ResolveComReferences;
             AfterResolveReferences
           ;
             ImplicitlyExpandDesignTimeFacades
           ;
             ResolveTestReferences
           ") at C:\Program Files (x86)\Microsoft Visual Studio\2019\Community\MSBuild\Microsoft\VC\v160\Microsoft.CppBuild.targets (296,5)
       Property reassignment: $(ResolveAssemblyReferencesDependsOn)="_PrepareForReferenceResolution;
             ResolveProjectReferences;
             FindInvalidProjectReferences;
             GetFrameworkPaths;
             GetReferenceAssemblyPaths;
             PrepareForBuild;
             ResolveSDKReferences;
             ExpandSDKReferences;
           ;ResolveNuGetPackageAssets" (previous value: "
             ResolveProjectReferences;
             FindInvalidProjectReferences;
             GetFrameworkPaths;
             GetReferenceAssemblyPaths;
             PrepareForBuild;
             ResolveSDKReferences;
             ExpandSDKReferences;
           ;ResolveNuGetPackageAssets") at C:\Program Files (x86)\Microsoft Visual Studio\2019\Community\MSBuild\Microsoft\VC\v160\Microsoft.CppBuild.targets (297,5)
       Property reassignment: $(ResolveSDKReferencesDependsOn)="_PrepareForReferenceResolution;ComputeCrtSDKReference;
             GetInstalledSDKLocations
           " (previous value: "
             GetInstalledSDKLocations
           ") at C:\Program Files (x86)\Microsoft Visual Studio\2019\Community\MSBuild\Microsoft\VC\v160\Microsoft.CppBuild.targets (298,5)
       Property reassignment: $(ComputeCompileInputsTargets)="
             
             ;
             GenerateTargetFrameworkMonikerAttribute;
           ;
             ComputeMIDLGeneratedCompileInputs;
           " (previous value: "
             ;
             GenerateTargetFrameworkMonikerAttribute;
           ") at C:\Program Files (x86)\Microsoft Visual Studio\2019\Community\MSBuild\Microsoft\VC\v160\Microsoft.CppBuild.targets (594,5)
       Property reassignment: $(ComputeLinkInputsTargets)="
             
             ;
             ComputeRCGeneratedLinkInputs;
           ;
             ComputeManifestGeneratedLinkerInputs;
           " (previous value: "
             ;
             ComputeRCGeneratedLinkInputs;
           ") at C:\Program Files (x86)\Microsoft Visual Studio\2019\Community\MSBuild\Microsoft\VC\v160\Microsoft.CppBuild.targets (907,5)
       Property reassignment: $(GetTargetPathDependsOn)="_PrepareForReferenceResolution;GetResolvedWinMD;" (previous value: "") at C:\Program Files (x86)\Microsoft Visual Studio\2019\Community\MSBuild\Microsoft\VC\v160\Microsoft.CppBuild.targets (1048,5)
       Property reassignment: $(ComputeCompileInputsTargets)="
             
             
             ;
             GenerateTargetFrameworkMonikerAttribute;
           ;
             ComputeMIDLGeneratedCompileInputs;
           ;
             ComputeCLInputPDBName;
             ComputeReferenceCLInput;
             WarnCompileDuplicatedFilename
           " (previous value: "
             
             ;
             GenerateTargetFrameworkMonikerAttribute;
           ;
             ComputeMIDLGeneratedCompileInputs;
           ") at C:\Program Files (x86)\Microsoft Visual Studio\2019\Community\MSBuild\Microsoft\VC\v160\Microsoft.CppBuild.targets (1074,5)
       Property reassignment: $(ComputeLinkInputsTargets)="
             
             
             ;
             ComputeRCGeneratedLinkInputs;
           ;
             ComputeManifestGeneratedLinkerInputs;
           ;
             ComputeCustomBuildOutput;
           " (previous value: "
             
             ;
             ComputeRCGeneratedLinkInputs;
           ;
             ComputeManifestGeneratedLinkerInputs;
           ") at C:\Program Files (x86)\Microsoft Visual Studio\2019\Community\MSBuild\Microsoft\VC\v160\Microsoft.CppBuild.targets (1126,5)
       Property reassignment: $(ComputeLibInputsTargets)="
             
             ;
             ComputeRCGeneratedLibInputs;
           ;
             ComputeCustomBuildOutput;
           " (previous value: "
             ;
             ComputeRCGeneratedLibInputs;
           ") at C:\Program Files (x86)\Microsoft Visual Studio\2019\Community\MSBuild\Microsoft\VC\v160\Microsoft.CppBuild.targets (1133,5)
       Property reassignment: $(ComputeImpLibInputsTargets)="
             
             
             ;
             ComputeRCGeneratedLibInputs;
           ;
             ComputeRCGeneratedImpLibInputs;
           ;
             ComputeCustomBuildOutput;
           " (previous value: "
             
             ;
             ComputeRCGeneratedLibInputs;
           ;
             ComputeRCGeneratedImpLibInputs;
           ") at C:\Program Files (x86)\Microsoft Visual Studio\2019\Community\MSBuild\Microsoft\VC\v160\Microsoft.CppBuild.targets (1140,5)
       Property reassignment: $(ComputeLinkInputsTargets)="
             
             
             
             ;
             ComputeRCGeneratedLinkInputs;
           ;
             ComputeManifestGeneratedLinkerInputs;
           ;
             ComputeCustomBuildOutput;
           ;
             ComputeCLGeneratedLinkInputs;
           " (previous value: "
             
             
             ;
             ComputeRCGeneratedLinkInputs;
           ;
             ComputeManifestGeneratedLinkerInputs;
           ;
             ComputeCustomBuildOutput;
           ") at C:\Program Files (x86)\Microsoft Visual Studio\2019\Community\MSBuild\Microsoft\VC\v160\Microsoft.CppBuild.targets (1200,5)
       Property reassignment: $(ComputeLibInputsTargets)="
             
             
             ;
             ComputeRCGeneratedLibInputs;
           ;
             ComputeCustomBuildOutput;
           ;
             ComputeCLGeneratedLibInputs;
           " (previous value: "
             
             ;
             ComputeRCGeneratedLibInputs;
           ;
             ComputeCustomBuildOutput;
           ") at C:\Program Files (x86)\Microsoft Visual Studio\2019\Community\MSBuild\Microsoft\VC\v160\Microsoft.CppBuild.targets (1215,5)
       Property reassignment: $(ComputeImpLibInputsTargets)="
             
             
             
             ;
             ComputeRCGeneratedLibInputs;
           ;
             ComputeRCGeneratedImpLibInputs;
           ;
             ComputeCustomBuildOutput;
           ;
             ComputeCLGeneratedImpLibInputs;
           " (previous value: "
             
             
             ;
             ComputeRCGeneratedLibInputs;
           ;
             ComputeRCGeneratedImpLibInputs;
           ;
             ComputeCustomBuildOutput;
           ") at C:\Program Files (x86)\Microsoft Visual Studio\2019\Community\MSBuild\Microsoft\VC\v160\Microsoft.CppBuild.targets (1230,5)
       Property reassignment: $(ComputeLinkInputsTargets)="
               
             
             
             
             ;
             ComputeRCGeneratedLinkInputs;
           ;
             ComputeManifestGeneratedLinkerInputs;
           ;
             ComputeCustomBuildOutput;
           ;
             ComputeCLGeneratedLinkInputs;
           ;
               ComputeLinkInputsFromProject;
             " (previous value: "
             
             
             
             ;
             ComputeRCGeneratedLinkInputs;
           ;
             ComputeManifestGeneratedLinkerInputs;
           ;
             ComputeCustomBuildOutput;
           ;
             ComputeCLGeneratedLinkInputs;
           ") at C:\Program Files (x86)\Microsoft Visual Studio\2019\Community\MSBuild\Microsoft\VC\v160\Microsoft.CppBuild.targets (1261,7)
       Property reassignment: $(ComputeLibInputsTargets)="
               
             
             
             ;
             ComputeRCGeneratedLibInputs;
           ;
             ComputeCustomBuildOutput;
           ;
             ComputeCLGeneratedLibInputs;
           ;
               ComputeLibInputsFromProject;
             " (previous value: "
             
             
             ;
             ComputeRCGeneratedLibInputs;
           ;
             ComputeCustomBuildOutput;
           ;
             ComputeCLGeneratedLibInputs;
           ") at C:\Program Files (x86)\Microsoft Visual Studio\2019\Community\MSBuild\Microsoft\VC\v160\Microsoft.CppBuild.targets (1279,7)
       Property reassignment: $(ComputeImpLibInputsTargets)="
               
             
             
             
             ;
             ComputeRCGeneratedLibInputs;
           ;
             ComputeRCGeneratedImpLibInputs;
           ;
             ComputeCustomBuildOutput;
           ;
             ComputeCLGeneratedImpLibInputs;
           ;
               ComputeImpLibInputsFromProject;
             " (previous value: "
             
             
             
             ;
             ComputeRCGeneratedLibInputs;
           ;
             ComputeRCGeneratedImpLibInputs;
           ;
             ComputeCustomBuildOutput;
           ;
             ComputeCLGeneratedImpLibInputs;
           ") at C:\Program Files (x86)\Microsoft Visual Studio\2019\Community\MSBuild\Microsoft\VC\v160\Microsoft.CppBuild.targets (1297,7)
       Property reassignment: $(ComputeLinkInputsTargets)="
             
               
             
             
             
             ;
             ComputeRCGeneratedLinkInputs;
           ;
             ComputeManifestGeneratedLinkerInputs;
           ;
             ComputeCustomBuildOutput;
           ;
             ComputeCLGeneratedLinkInputs;
           ;
               ComputeLinkInputsFromProject;
             ;
             ComputeReferenceLinkInputs;
           " (previous value: "
               
             
             
             
             ;
             ComputeRCGeneratedLinkInputs;
           ;
             ComputeManifestGeneratedLinkerInputs;
           ;
             ComputeCustomBuildOutput;
           ;
             ComputeCLGeneratedLinkInputs;
           ;
               ComputeLinkInputsFromProject;
             ") at C:\Program Files (x86)\Microsoft Visual Studio\2019\Community\MSBuild\Microsoft\VC\v160\Microsoft.CppBuild.targets (1441,5)
       Property reassignment: $(ComputeLibInputsTargets)="
             
               
             
             
             ;
             ComputeRCGeneratedLibInputs;
           ;
             ComputeCustomBuildOutput;
           ;
             ComputeCLGeneratedLibInputs;
           ;
               ComputeLibInputsFromProject;
             ;
             ComputeReferenceLibInputs;
           " (previous value: "
               
             
             
             ;
             ComputeRCGeneratedLibInputs;
           ;
             ComputeCustomBuildOutput;
           ;
             ComputeCLGeneratedLibInputs;
           ;
               ComputeLibInputsFromProject;
             ") at C:\Program Files (x86)\Microsoft Visual Studio\2019\Community\MSBuild\Microsoft\VC\v160\Microsoft.CppBuild.targets (1479,5)
       Property reassignment: $(ComputeLibInputsTargets)="
             ComputeLibAdditionalOptions;
             
             
               
             
             
             ;
             ComputeRCGeneratedLibInputs;
           ;
             ComputeCustomBuildOutput;
           ;
             ComputeCLGeneratedLibInputs;
           ;
               ComputeLibInputsFromProject;
             ;
             ComputeReferenceLibInputs;
           
           " (previous value: "
             
               
             
             
             ;
             ComputeRCGeneratedLibInputs;
           ;
             ComputeCustomBuildOutput;
           ;
             ComputeCLGeneratedLibInputs;
           ;
               ComputeLibInputsFromProject;
             ;
             ComputeReferenceLibInputs;
           ") at C:\Program Files (x86)\Microsoft Visual Studio\2019\Community\MSBuild\Microsoft\VC\v160\Microsoft.CppBuild.targets (1536,5)
       Property reassignment: $(DocumentationProjectOutputGroupDependsOn)="ResolvedXDCMake;ComputeCLCompileGeneratedXDCFiles" (previous value: "") at C:\Program Files (x86)\Microsoft Visual Studio\2019\Community\MSBuild\Microsoft\VC\v160\Microsoft.CppBuild.targets (1966,5)
       Property reassignment: $(ContentFilesProjectOutputGroupDependsOn)="PrepareForBuild;AssignTargetPaths;PrepareForBuild;AssignTargetPaths;MakeDirsForFxc" (previous value: "PrepareForBuild;AssignTargetPaths") at C:\Program Files (x86)\Microsoft Visual Studio\2019\Community\MSBuild\Microsoft\VC\v160\Microsoft.CppBuild.targets (2032,5)
       Property reassignment: $(ComputeCompileInputsTargets)="
             
             
             
             ;
             GenerateTargetFrameworkMonikerAttribute;
           ;
             ComputeMIDLGeneratedCompileInputs;
           ;
             ComputeCLInputPDBName;
             ComputeReferenceCLInput;
             WarnCompileDuplicatedFilename
           ;
             FixupCLCompileOptions;
           " (previous value: "
             
             
             ;
             GenerateTargetFrameworkMonikerAttribute;
           ;
             ComputeMIDLGeneratedCompileInputs;
           ;
             ComputeCLInputPDBName;
             ComputeReferenceCLInput;
             WarnCompileDuplicatedFilename
           ") at C:\Program Files (x86)\Microsoft Visual Studio\2019\Community\MSBuild\Microsoft\VC\v160\Microsoft.CppCommon.targets (295,5)
       Property reassignment: $(BuildingProject)="true" (previous value: "false") at C:\Program Files (x86)\Microsoft Visual Studio\2019\Community\MSBuild\Microsoft\VC\v160\Microsoft.CppCommon.targets (1761,5)
       Property reassignment: $(ContentFilesProjectOutputGroupDependsOn)="PrepareForBuild;AssignTargetPaths;PrepareForBuild;AssignTargetPaths;MakeDirsForFxc;_CreateCopyFileItems;" (previous value: "PrepareForBuild;AssignTargetPaths;PrepareForBuild;AssignTargetPaths;MakeDirsForFxc") at C:\Program Files (x86)\Microsoft Visual Studio\2019\Community\MSBuild\Microsoft\VC\v160\Microsoft.CppCommon.targets (2270,5)
       Property reassignment: $(PrepareForBuildDependsOn)="_CheckWindowsSDKInstalled;;GetFrameworkPaths;GetReferenceAssemblyPaths;AssignLinkMetadata;SetCABuildNativeEnvironmentVariables" (previous value: ";GetFrameworkPaths;GetReferenceAssemblyPaths;AssignLinkMetadata;SetCABuildNativeEnvironmentVariables") at C:\Program Files (x86)\Microsoft Visual Studio\2019\Community\MSBuild\Microsoft\VC\v160\Microsoft.Cpp.WindowsSDK.targets (16,5)
       Property reassignment: $(CleanDependsOn)="
             
             _PrepareForClean;
             
             
             BeforeClean;
             UnmanagedUnregistration;
             CoreClean;
             CleanReferencedProjects;
             CleanPublishFolder;
             AfterClean
           ;
             EntityClean;
           ;
           ;
             CppClean
           " (previous value: "
             _PrepareForClean;
             
             
             BeforeClean;
             UnmanagedUnregistration;
             CoreClean;
             CleanReferencedProjects;
             CleanPublishFolder;
             AfterClean
           ;
             EntityClean;
           ;
           ") at C:\Program Files (x86)\Microsoft Visual Studio\2019\Community\MSBuild\Microsoft\VC\v160\Microsoft.CppClean.targets (22,5)
       Property reassignment: $(CppCleanDependsOn)="
             BeforeCppClean;
             ;
             CoreCppClean;
             AfterCppClean;
           ;PGInstrumentedClean" (previous value: "
             BeforeCppClean;
             ;
             CoreCppClean;
             AfterCppClean;
           ") at C:\Program Files (x86)\Microsoft Visual Studio\2019\Community\MSBuild\Microsoft\VC\v160\Microsoft.CppClean.targets (91,5)
       Property reassignment: $(BuildDependsOn)="SetTelemetryEnvironmentVariables;
             _PrepareForBuild;
             
             ResolveReferences;
             PrepareForBuild;
             InitializeBuildStatus;
             BuildGenerateSources;
             BuildCompile;
             BuildLink;
           ;
             AfterBuild;
             IncrementalClean;
             FinalizeBuildStatus;
           " (previous value: "
             _PrepareForBuild;
             
             ResolveReferences;
             PrepareForBuild;
             InitializeBuildStatus;
             BuildGenerateSources;
             BuildCompile;
             BuildLink;
           ;
             AfterBuild;
             IncrementalClean;
             FinalizeBuildStatus;
           ") at C:\Program Files (x86)\Microsoft Visual Studio\2019\Community\MSBuild\Microsoft\VC\v160\Microsoft.Cpp.DesignTime.targets (485,5)
       Property reassignment: $(RebuildDependsOn)="SetTelemetryEnvironmentVariables;
             _PrepareForRebuild;
             
             BeforeRebuild;
             Clean;
             Build;
             AfterRebuild;
           ;
           " (previous value: "
             _PrepareForRebuild;
             
             BeforeRebuild;
             Clean;
             Build;
             AfterRebuild;
           ;
           ") at C:\Program Files (x86)\Microsoft Visual Studio\2019\Community\MSBuild\Microsoft\VC\v160\Microsoft.Cpp.DesignTime.targets (486,5)
       Overriding target "GetFrameworkPaths" in project "C:\Program Files (x86)\Microsoft Visual Studio\2019\Community\MSBuild\Current\Bin\Microsoft.Common.CurrentVersion.targets" with target "GetFrameworkPaths" from project "C:\Program Files (x86)\Microsoft Visual Studio\2019\Community\MSBuild\Current\Bin\Microsoft.NETFramework.CurrentVersion.targets".
       Overriding target "SatelliteDllsProjectOutputGroup" in project "C:\Program Files (x86)\Microsoft Visual Studio\2019\Community\MSBuild\Current\Bin\Microsoft.Common.CurrentVersion.targets" with target "SatelliteDllsProjectOutputGroup" from project "C:\Windows\Microsoft.NET\Framework\v4.0.30319\Microsoft.WinFx.targets".
       Overriding target "GenerateTargetFrameworkMonikerAttribute" in project "C:\Program Files (x86)\Microsoft Visual Studio\2019\Community\MSBuild\Current\Bin\Microsoft.Common.CurrentVersion.targets" with target "GenerateTargetFrameworkMonikerAttribute" from project "C:\Program Files (x86)\Microsoft Visual Studio\2019\Community\MSBuild\Microsoft\VC\v160\Microsoft.BuildSteps.Targets".
       Overriding target "Build" in project "C:\Program Files (x86)\Microsoft Visual Studio\2019\Community\MSBuild\Current\Bin\Microsoft.Common.CurrentVersion.targets" with target "Build" from project "C:\Program Files (x86)\Microsoft Visual Studio\2019\Community\MSBuild\Microsoft\VC\v160\Microsoft.BuildSteps.Targets".
       Overriding target "Rebuild" in project "C:\Program Files (x86)\Microsoft Visual Studio\2019\Community\MSBuild\Current\Bin\Microsoft.Common.CurrentVersion.targets" with target "Rebuild" from project "C:\Program Files (x86)\Microsoft Visual Studio\2019\Community\MSBuild\Microsoft\VC\v160\Microsoft.BuildSteps.Targets".
       Overriding target "AfterBuild" in project "C:\Program Files (x86)\Microsoft Visual Studio\2019\Community\MSBuild\Current\Bin\Microsoft.Common.CurrentVersion.targets" with target "AfterBuild" from project "C:\Program Files (x86)\Microsoft Visual Studio\2019\Community\MSBuild\Microsoft\VC\v160\Microsoft.BuildSteps.Targets".
       Overriding target "PrepareForBuild" in project "C:\Program Files (x86)\Microsoft Visual Studio\2019\Community\MSBuild\Current\Bin\Microsoft.Common.CurrentVersion.targets" with target "PrepareForBuild" from project "C:\Program Files (x86)\Microsoft Visual Studio\2019\Community\MSBuild\Microsoft\VC\v160\Microsoft.CppBuild.targets".
       Overriding target "GetTargetPath" in project "C:\Program Files (x86)\Microsoft Visual Studio\2019\Community\MSBuild\Current\Bin\Microsoft.Common.CurrentVersion.targets" with target "GetTargetPath" from project "C:\Program Files (x86)\Microsoft Visual Studio\2019\Community\MSBuild\Microsoft\VC\v160\Microsoft.CppBuild.targets".
       Overriding target "ComputeIntermediateSatelliteAssemblies" in project "C:\Program Files (x86)\Microsoft Visual Studio\2019\Community\MSBuild\Current\Bin\Microsoft.Common.CurrentVersion.targets" with target "ComputeIntermediateSatelliteAssemblies" from project "C:\Program Files (x86)\Microsoft Visual Studio\2019\Community\MSBuild\Microsoft\VC\v160\Microsoft.CppBuild.targets".
       Overriding target "ClCompile" in project "C:\Program Files (x86)\Microsoft Visual Studio\2019\Community\MSBuild\Microsoft\VC\v160\Microsoft.CppBuild.targets" with target "ClCompile" from project "C:\Program Files (x86)\Microsoft Visual Studio\2019\Community\MSBuild\Microsoft\VC\v160\Microsoft.CppBuild.targets".
       Overriding target "ResourceCompile" in project "C:\Program Files (x86)\Microsoft Visual Studio\2019\Community\MSBuild\Microsoft\VC\v160\Microsoft.CppBuild.targets" with target "ResourceCompile" from project "C:\Program Files (x86)\Microsoft Visual Studio\2019\Community\MSBuild\Microsoft\VC\v160\Microsoft.CppBuild.targets".
       Overriding target "Lib" in project "C:\Program Files (x86)\Microsoft Visual Studio\2019\Community\MSBuild\Microsoft\VC\v160\Microsoft.CppBuild.targets" with target "Lib" from project "C:\Program Files (x86)\Microsoft Visual Studio\2019\Community\MSBuild\Microsoft\VC\v160\Microsoft.CppBuild.targets".
       Overriding target "Link" in project "C:\Program Files (x86)\Microsoft Visual Studio\2019\Community\MSBuild\Microsoft\VC\v160\Microsoft.CppBuild.targets" with target "Link" from project "C:\Program Files (x86)\Microsoft Visual Studio\2019\Community\MSBuild\Microsoft\VC\v160\Microsoft.CppBuild.targets".
       Overriding target "AllProjectOutputGroups" in project "C:\Program Files (x86)\Microsoft Visual Studio\2019\Community\MSBuild\Current\Bin\Microsoft.Common.CurrentVersion.targets" with target "AllProjectOutputGroups" from project "C:\Program Files (x86)\Microsoft Visual Studio\2019\Community\MSBuild\Microsoft\VC\v160\Microsoft.CppBuild.targets".
       Overriding target "BuiltProjectOutputGroup" in project "C:\Program Files (x86)\Microsoft Visual Studio\2019\Community\MSBuild\Current\Bin\Microsoft.Common.CurrentVersion.targets" with target "BuiltProjectOutputGroup" from project "C:\Program Files (x86)\Microsoft Visual Studio\2019\Community\MSBuild\Microsoft\VC\v160\Microsoft.CppBuild.targets".
       Overriding target "DebugSymbolsProjectOutputGroup" in project "C:\Program Files (x86)\Microsoft Visual Studio\2019\Community\MSBuild\Current\Bin\Microsoft.Common.CurrentVersion.targets" with target "DebugSymbolsProjectOutputGroup" from project "C:\Program Files (x86)\Microsoft Visual Studio\2019\Community\MSBuild\Microsoft\VC\v160\Microsoft.CppBuild.targets".
       Overriding target "DocumentationProjectOutputGroup" in project "C:\Program Files (x86)\Microsoft Visual Studio\2019\Community\MSBuild\Current\Bin\Microsoft.Common.CurrentVersion.targets" with target "DocumentationProjectOutputGroup" from project "C:\Program Files (x86)\Microsoft Visual Studio\2019\Community\MSBuild\Microsoft\VC\v160\Microsoft.CppBuild.targets".
       Overriding target "SourceFilesProjectOutputGroup" in project "C:\Program Files (x86)\Microsoft Visual Studio\2019\Community\MSBuild\Current\Bin\Microsoft.Common.CurrentVersion.targets" with target "SourceFilesProjectOutputGroup" from project "C:\Program Files (x86)\Microsoft Visual Studio\2019\Community\MSBuild\Microsoft\VC\v160\Microsoft.CppBuild.targets".
       Overriding target "ContentFilesProjectOutputGroup" in project "C:\Program Files (x86)\Microsoft Visual Studio\2019\Community\MSBuild\Current\Bin\Microsoft.Common.CurrentVersion.targets" with target "ContentFilesProjectOutputGroup" from project "C:\Program Files (x86)\Microsoft Visual Studio\2019\Community\MSBuild\Microsoft\VC\v160\Microsoft.CppBuild.targets".
       Overriding target "AllProjectOutputGroupsDependencies" in project "C:\Program Files (x86)\Microsoft Visual Studio\2019\Community\MSBuild\Current\Bin\Microsoft.Common.CurrentVersion.targets" with target "AllProjectOutputGroupsDependencies" from project "C:\Program Files (x86)\Microsoft Visual Studio\2019\Community\MSBuild\Microsoft\VC\v160\Microsoft.CppBuild.targets".
       Overriding target "BuiltProjectOutputGroupDependencies" in project "C:\Program Files (x86)\Microsoft Visual Studio\2019\Community\MSBuild\Current\Bin\Microsoft.Common.CurrentVersion.targets" with target "BuiltProjectOutputGroupDependencies" from project "C:\Program Files (x86)\Microsoft Visual Studio\2019\Community\MSBuild\Microsoft\VC\v160\Microsoft.CppBuild.targets".
       Overriding target "DebugSymbolsProjectOutputGroupDependencies" in project "C:\Program Files (x86)\Microsoft Visual Studio\2019\Community\MSBuild\Current\Bin\Microsoft.Common.CurrentVersion.targets" with target "DebugSymbolsProjectOutputGroupDependencies" from project "C:\Program Files (x86)\Microsoft Visual Studio\2019\Community\MSBuild\Microsoft\VC\v160\Microsoft.CppBuild.targets".
       Overriding target "DocumentationProjectOutputGroupDependencies" in project "C:\Program Files (x86)\Microsoft Visual Studio\2019\Community\MSBuild\Current\Bin\Microsoft.Common.CurrentVersion.targets" with target "DocumentationProjectOutputGroupDependencies" from project "C:\Program Files (x86)\Microsoft Visual Studio\2019\Community\MSBuild\Microsoft\VC\v160\Microsoft.CppBuild.targets".
       Overriding target "PreBuildEvent" in project "C:\Program Files (x86)\Microsoft Visual Studio\2019\Community\MSBuild\Current\Bin\Microsoft.Common.CurrentVersion.targets" with target "PreBuildEvent" from project "C:\Program Files (x86)\Microsoft Visual Studio\2019\Community\MSBuild\Microsoft\VC\v160\Microsoft.CppCommon.targets".
       Overriding target "PostBuildEvent" in project "C:\Program Files (x86)\Microsoft Visual Studio\2019\Community\MSBuild\Current\Bin\Microsoft.Common.CurrentVersion.targets" with target "PostBuildEvent" from project "C:\Program Files (x86)\Microsoft Visual Studio\2019\Community\MSBuild\Microsoft\VC\v160\Microsoft.CppCommon.targets".
       Overriding target "ClCompile" in project "C:\Program Files (x86)\Microsoft Visual Studio\2019\Community\MSBuild\Microsoft\VC\v160\Microsoft.CppBuild.targets" with target "ClCompile" from project "C:\Program Files (x86)\Microsoft Visual Studio\2019\Community\MSBuild\Microsoft\VC\v160\Microsoft.CppCommon.targets".
       Overriding target "Link" in project "C:\Program Files (x86)\Microsoft Visual Studio\2019\Community\MSBuild\Microsoft\VC\v160\Microsoft.CppBuild.targets" with target "Link" from project "C:\Program Files (x86)\Microsoft Visual Studio\2019\Community\MSBuild\Microsoft\VC\v160\Microsoft.CppCommon.targets".
       Overriding target "Lib" in project "C:\Program Files (x86)\Microsoft Visual Studio\2019\Community\MSBuild\Microsoft\VC\v160\Microsoft.CppBuild.targets" with target "Lib" from project "C:\Program Files (x86)\Microsoft Visual Studio\2019\Community\MSBuild\Microsoft\VC\v160\Microsoft.CppCommon.targets".
       Overriding target "ImpLib" in project "C:\Program Files (x86)\Microsoft Visual Studio\2019\Community\MSBuild\Microsoft\VC\v160\Microsoft.CppBuild.targets" with target "ImpLib" from project "C:\Program Files (x86)\Microsoft Visual Studio\2019\Community\MSBuild\Microsoft\VC\v160\Microsoft.CppCommon.targets".
       Overriding target "Midl" in project "C:\Program Files (x86)\Microsoft Visual Studio\2019\Community\MSBuild\Microsoft\VC\v160\Microsoft.CppBuild.targets" with target "Midl" from project "C:\Program Files (x86)\Microsoft Visual Studio\2019\Community\MSBuild\Microsoft\VC\v160\Microsoft.CppCommon.targets".
       Overriding target "ResourceCompile" in project "C:\Program Files (x86)\Microsoft Visual Studio\2019\Community\MSBuild\Microsoft\VC\v160\Microsoft.CppBuild.targets" with target "ResourceCompile" from project "C:\Program Files (x86)\Microsoft Visual Studio\2019\Community\MSBuild\Microsoft\VC\v160\Microsoft.CppCommon.targets".
       Overriding target "BeforeResGen" in project "C:\Program Files (x86)\Microsoft Visual Studio\2019\Community\MSBuild\Current\Bin\Microsoft.Common.CurrentVersion.targets" with target "BeforeResGen" from project "C:\Program Files (x86)\Microsoft Visual Studio\2019\Community\MSBuild\Microsoft\VC\v160\Microsoft.CppCommon.targets".
       Overriding target "ResGen" in project "C:\Program Files (x86)\Microsoft Visual Studio\2019\Community\MSBuild\Current\Bin\Microsoft.Common.CurrentVersion.targets" with target "ResGen" from project "C:\Program Files (x86)\Microsoft Visual Studio\2019\Community\MSBuild\Microsoft\VC\v160\Microsoft.CppCommon.targets".
       Overriding target "GenerateSatelliteAssemblies" in project "C:\Program Files (x86)\Microsoft Visual Studio\2019\Community\MSBuild\Current\Bin\Microsoft.Common.CurrentVersion.targets" with target "GenerateSatelliteAssemblies" from project "C:\Program Files (x86)\Microsoft Visual Studio\2019\Community\MSBuild\Microsoft\VC\v160\Microsoft.CppCommon.targets".
       Overriding target "Manifest" in project "C:\Program Files (x86)\Microsoft Visual Studio\2019\Community\MSBuild\Microsoft\VC\v160\Microsoft.CppBuild.targets" with target "Manifest" from project "C:\Program Files (x86)\Microsoft Visual Studio\2019\Community\MSBuild\Microsoft\VC\v160\Microsoft.CppCommon.targets".
       Overriding target "XdcMake" in project "C:\Program Files (x86)\Microsoft Visual Studio\2019\Community\MSBuild\Microsoft\VC\v160\Microsoft.CppBuild.targets" with target "XdcMake" from project "C:\Program Files (x86)\Microsoft Visual Studio\2019\Community\MSBuild\Microsoft\VC\v160\Microsoft.CppCommon.targets".
       Overriding target "BscMake" in project "C:\Program Files (x86)\Microsoft Visual Studio\2019\Community\MSBuild\Microsoft\VC\v160\Microsoft.CppBuild.targets" with target "BscMake" from project "C:\Program Files (x86)\Microsoft Visual Studio\2019\Community\MSBuild\Microsoft\VC\v160\Microsoft.CppCommon.targets".
       Overriding target "ComputeMetaGenInputs" in project "C:\Program Files (x86)\Microsoft Visual Studio\2019\Community\MSBuild\Microsoft\VC\v160\Microsoft.MetaGen.targets" with target "ComputeMetaGenInputs" from project "C:\Program Files (x86)\Microsoft Visual Studio\2019\Community\MSBuild\Microsoft\VC\v160\Microsoft.CppCommon.targets".
       Overriding target "GetNativeManifest" in project "C:\Program Files (x86)\Microsoft Visual Studio\2019\Community\MSBuild\Current\Bin\Microsoft.Common.CurrentVersion.targets" with target "GetNativeManifest" from project "C:\Program Files (x86)\Microsoft Visual Studio\2019\Community\MSBuild\Microsoft\VC\v160\Microsoft.CppCommon.targets".
       Overriding target "GetTargetPathWithTargetPlatformMoniker" in project "C:\Program Files (x86)\Microsoft Visual Studio\2019\Community\MSBuild\Current\Bin\Microsoft.Common.CurrentVersion.targets" with target "GetTargetPathWithTargetPlatformMoniker" from project "C:\Program Files (x86)\Microsoft Visual Studio\2019\Community\MSBuild\Microsoft\VC\v160\Microsoft.Cpp.DesignTime.targets".
       The target "CoreCompile" listed in a BeforeTargets attribute at "C:\Program Files (x86)\Microsoft Visual Studio\2019\Community\MSBuild\Microsoft\VisualStudio\v16.0\CodeAnalysis\Microsoft.CodeAnalysis.targets (59,12)" does not exist in the project, and will be ignored.
Build started 08/11/2020 12:24:45.
Logging verbosity is set to: Detailed.     1>Project "C:\projects\cpp\fileupdate\syncfiles\syncfiles\syncfiles.vcxproj" on node 2 (Clean target(s)).
     1>Building with tools version "Current".
       Project file contains ToolsVersion="14.0". This toolset may be unknown or missing, in which case you may be able to resolve this by installing the appropriate version of MSBuild, or the build may have been forced to a particular ToolsVersion for policy reasons. Treating the project as if it had ToolsVersion="Current". For more information, please see http://go.microsoft.com/fwlink/?LinkId=293424.
       Target "EnableIntermediateOutputPathMismatchWarning" skipped, due to false condition; ('$(RestoreProjectStyle)' == 'PackageReference') was evaluated as ('' == 'PackageReference').
     1>Target "_CheckForInvalidConfigurationAndPlatform" in file "C:\Program Files (x86)\Microsoft Visual Studio\2019\Community\MSBuild\Current\Bin\Microsoft.Common.CurrentVersion.targets" from project "C:\projects\cpp\fileupdate\syncfiles\syncfiles\syncfiles.vcxproj" (target "_PrepareForClean" depends on it):
       Task "Error" skipped, due to false condition; ( '$(_InvalidConfigurationError)' == 'true' ) was evaluated as ( '' == 'true' ).
       Task "Warning" skipped, due to false condition; ( '$(_InvalidConfigurationWarning)' == 'true' ) was evaluated as ( '' == 'true' ).
       Using "Message" task from assembly "Microsoft.Build.Tasks.Core, Version=15.1.0.0, Culture=neutral, PublicKeyToken=b03f5f7f11d50a3a".
       Task "Message"
         Configuration=Debug
       Done executing task "Message".
       Task "Message"
         Platform=Win32
       Done executing task "Message".
       Task "Error" skipped, due to false condition; ('$(OutDir)' != '' and !HasTrailingSlash('$(OutDir)')) was evaluated as ('C:\projects\cpp\fileupdate\syncfiles\syncfiles\Debug\' != '' and !HasTrailingSlash('C:\projects\cpp\fileupdate\syncfiles\syncfiles\Debug\')).
       Task "Error" skipped, due to false condition; ('$(BaseIntermediateOutputPath)' != '' and !HasTrailingSlash('$(BaseIntermediateOutputPath)')) was evaluated as ('obj\' != '' and !HasTrailingSlash('obj\')).
       Task "Error" skipped, due to false condition; ('$(IntermediateOutputPath)' != '' and !HasTrailingSlash('$(IntermediateOutputPath)')) was evaluated as ('Debug\' != '' and !HasTrailingSlash('Debug\')).
       Task "Error" skipped, due to false condition; ( '$(_InitialMSBuildProjectExtensionsPath)' != '' And '$(MSBuildProjectExtensionsPath)' != '$(_InitialMSBuildProjectExtensionsPath)' ) was evaluated as ( 'C:\projects\cpp\fileupdate\syncfiles\syncfiles\obj\' != '' And 'C:\projects\cpp\fileupdate\syncfiles\syncfiles\obj\' != 'C:\projects\cpp\fileupdate\syncfiles\syncfiles\obj\' ).
       Task "Warning" skipped, due to false condition; ( '$(EnableBaseIntermediateOutputPathMismatchWarning)' == 'true' And '$(_InitialBaseIntermediateOutputPath)' != '$(BaseIntermediateOutputPath)' And '$(BaseIntermediateOutputPath)' != '$(MSBuildProjectExtensionsPath)' ) was evaluated as ( '' == 'true' And 'obj\' != 'obj\' And 'obj\' != 'C:\projects\cpp\fileupdate\syncfiles\syncfiles\obj\' ).
     1>Done building target "_CheckForInvalidConfigurationAndPlatform" in project "syncfiles.vcxproj".
     1>Target "_PrepareForClean" in file "C:\Program Files (x86)\Microsoft Visual Studio\2019\Community\MSBuild\Microsoft\VC\v160\Microsoft.BuildSteps.Targets" from project "C:\projects\cpp\fileupdate\syncfiles\syncfiles\syncfiles.vcxproj" (target "Clean" depends on it):
       Using "Delete" task from assembly "Microsoft.Build.Tasks.Core, Version=15.1.0.0, Culture=neutral, PublicKeyToken=b03f5f7f11d50a3a".
       Task "Delete"
         Deleting file "Debug\syncfiles.tlog\syncfiles.lastbuildstate".
       Done executing task "Delete".
     1>Done building target "_PrepareForClean" in project "syncfiles.vcxproj".
     1>Target "BeforeClean" in file "C:\Program Files (x86)\Microsoft Visual Studio\2019\Community\MSBuild\Current\Bin\Microsoft.Common.CurrentVersion.targets" from project "C:\projects\cpp\fileupdate\syncfiles\syncfiles\syncfiles.vcxproj" (target "Clean" depends on it):
     1>Done building target "BeforeClean" in project "syncfiles.vcxproj".
       Target "UnmanagedUnregistration" skipped, due to false condition; ((('$(_AssemblyTimestampBeforeCompile)' != '$(_AssemblyTimestampAfterCompile)' or '$(RegisterForComInterop)' != 'true' or '$(OutputType)' != 'library') or
                           ('$(_AssemblyTimestampBeforeCompile)' == '')) and
                          Exists('@(_UnmanagedRegistrationCache)')) was evaluated as ((('' != '' or '' != 'true' or 'exe' != 'library') or
                           ('' == '')) and
                          Exists('obj\syncfiles.vcxproj.UnmanagedRegistration.cache')).
     1>Target "CoreClean" in file "C:\Program Files (x86)\Microsoft Visual Studio\2019\Community\MSBuild\Current\Bin\Microsoft.Common.CurrentVersion.targets" from project "C:\projects\cpp\fileupdate\syncfiles\syncfiles\syncfiles.vcxproj" (target "Clean" depends on it):
       Task "Delete"
         File "Debug\\TempCA\syncfiles.pdb" doesn't exist. Skipping.
         File "Debug\\TempCA\syncfiles.exe" doesn't exist. Skipping.
       Done executing task "Delete".
       Using "ReadLinesFromFile" task from assembly "Microsoft.Build.Tasks.Core, Version=15.1.0.0, Culture=neutral, PublicKeyToken=b03f5f7f11d50a3a".
       Task "ReadLinesFromFile"
       Done executing task "ReadLinesFromFile".
       Using "FindUnderPath" task from assembly "Microsoft.Build.Tasks.Core, Version=15.1.0.0, Culture=neutral, PublicKeyToken=b03f5f7f11d50a3a".
       Task "FindUnderPath"
         Comparison path is "C:\projects\cpp\fileupdate\syncfiles\syncfiles\Debug\".
       Done executing task "FindUnderPath".
       Task "FindUnderPath"
         Comparison path is "Debug\".
       Done executing task "FindUnderPath".
       Task "Delete"
         Deleting file "C:\projects\cpp\fileupdate\syncfiles\syncfiles\Debug\syncfiles.exe".
         Deleting file "C:\projects\cpp\fileupdate\syncfiles\syncfiles\Debug\syncfiles.pdb".
       Done executing task "Delete".
       Using "RemoveDuplicates" task from assembly "Microsoft.Build.Tasks.Core, Version=15.1.0.0, Culture=neutral, PublicKeyToken=b03f5f7f11d50a3a".
       Task "RemoveDuplicates"
       Done executing task "RemoveDuplicates".
       Using "MakeDir" task from assembly "Microsoft.Build.Tasks.Core, Version=15.1.0.0, Culture=neutral, PublicKeyToken=b03f5f7f11d50a3a".
       Task "MakeDir"
       Done executing task "MakeDir".
       Using "WriteLinesToFile" task from assembly "Microsoft.Build.Tasks.Core, Version=15.1.0.0, Culture=neutral, PublicKeyToken=b03f5f7f11d50a3a".
       Task "WriteLinesToFile"
       Done executing task "WriteLinesToFile".
     1>Done building target "CoreClean" in project "syncfiles.vcxproj".
     1>Target "AssignProjectConfiguration" in file "C:\Program Files (x86)\Microsoft Visual Studio\2019\Community\MSBuild\Current\Bin\Microsoft.Common.CurrentVersion.targets" from project "C:\projects\cpp\fileupdate\syncfiles\syncfiles\syncfiles.vcxproj" (target "PrepareProjectReferences" depends on it):
       Using "AssignProjectConfiguration" task from assembly "Microsoft.Build.Tasks.Core, Version=15.1.0.0, Culture=neutral, PublicKeyToken=b03f5f7f11d50a3a".
       Task "AssignProjectConfiguration"
       Done executing task "AssignProjectConfiguration".
     1>Done building target "AssignProjectConfiguration" in project "syncfiles.vcxproj".
     1>Target "_SplitProjectReferencesByFileExistence" in file "C:\Program Files (x86)\Microsoft Visual Studio\2019\Community\MSBuild\Current\Bin\Microsoft.Common.CurrentVersion.targets" from project "C:\projects\cpp\fileupdate\syncfiles\syncfiles\syncfiles.vcxproj" (target "PrepareProjectReferences" depends on it):
       Task "ResolveNonMSBuildProjectOutput" skipped, due to false condition; ('$(BuildingInsideVisualStudio)'=='true' and '@(ProjectReferenceWithConfiguration)'!='') was evaluated as ('true'=='true' and ''!='').
     1>Done building target "_SplitProjectReferencesByFileExistence" in project "syncfiles.vcxproj".
     1>Target "_GetProjectReferenceTargetFrameworkProperties" in file "C:\Program Files (x86)\Microsoft Visual Studio\2019\Community\MSBuild\Current\Bin\Microsoft.Common.CurrentVersion.targets" from project "C:\projects\cpp\fileupdate\syncfiles\syncfiles\syncfiles.vcxproj" (target "PrepareProjectReferences" depends on it):
       Using "MSBuild" task from assembly "Microsoft.Build.Tasks.Core, Version=15.1.0.0, Culture=neutral, PublicKeyToken=b03f5f7f11d50a3a".
       Task "MSBuild"
       Done executing task "MSBuild".
       Task "GetReferenceNearestTargetFrameworkTask" skipped, due to false condition; ('@(_ProjectReferenceTargetFrameworkPossibilities->Count())' != '0' and '$(ReferringTargetFrameworkForProjectReferences)' != '') was evaluated as ('0' != '0' and '.NETFramework,Version=v4.0' != '').
     1>Done building target "_GetProjectReferenceTargetFrameworkProperties" in project "syncfiles.vcxproj".
     1>Target "PrepareProjectReferences" in file "C:\Program Files (x86)\Microsoft Visual Studio\2019\Community\MSBuild\Current\Bin\Microsoft.Common.CurrentVersion.targets" from project "C:\projects\cpp\fileupdate\syncfiles\syncfiles\syncfiles.vcxproj" (target "CleanReferencedProjects" depends on it):
     1>Done building target "PrepareProjectReferences" in project "syncfiles.vcxproj".
     1>Target "CleanReferencedProjects" in file "C:\Program Files (x86)\Microsoft Visual Studio\2019\Community\MSBuild\Current\Bin\Microsoft.Common.CurrentVersion.targets" from project "C:\projects\cpp\fileupdate\syncfiles\syncfiles\syncfiles.vcxproj" (target "Clean" depends on it):
       Task "MSBuild" skipped, due to false condition; ('$(BuildingInsideVisualStudio)' != 'true' and '$(BuildProjectReferences)' == 'true' and '@(_MSBuildProjectReferenceExistent)' != '') was evaluated as ('true' != 'true' and 'true' == 'true' and '' != '').
     1>Done building target "CleanReferencedProjects" in project "syncfiles.vcxproj".
     1>Target "CleanPublishFolder" in file "C:\Program Files (x86)\Microsoft Visual Studio\2019\Community\MSBuild\Current\Bin\Microsoft.Common.CurrentVersion.targets" from project "C:\projects\cpp\fileupdate\syncfiles\syncfiles\syncfiles.vcxproj" (target "Clean" depends on it):
       Task "RemoveDir" skipped, due to false condition; ('$(PublishDir)'=='$(OutputPath)app.publish\' and Exists('$(PublishDir)')) was evaluated as ('C:\projects\cpp\fileupdate\syncfiles\syncfiles\Debug\app.publish\'=='C:\projects\cpp\fileupdate\syncfiles\syncfiles\Debug\app.publish\' and Exists('C:\projects\cpp\fileupdate\syncfiles\syncfiles\Debug\app.publish\')).
     1>Done building target "CleanPublishFolder" in project "syncfiles.vcxproj".
     1>Target "AfterClean" in file "C:\Program Files (x86)\Microsoft Visual Studio\2019\Community\MSBuild\Current\Bin\Microsoft.Common.CurrentVersion.targets" from project "C:\projects\cpp\fileupdate\syncfiles\syncfiles\syncfiles.vcxproj" (target "Clean" depends on it):
     1>Done building target "AfterClean" in project "syncfiles.vcxproj".
       Target "EntityClean" skipped, due to false condition; ('@(EntityDeploy)' != '') was evaluated as ('' != '').
     1>Target "BeforeCppClean" in file "C:\Program Files (x86)\Microsoft Visual Studio\2019\Community\MSBuild\Microsoft\VC\v160\Microsoft.CppClean.targets" from project "C:\projects\cpp\fileupdate\syncfiles\syncfiles\syncfiles.vcxproj" (target "CppClean" depends on it):
     1>Done building target "BeforeCppClean" in project "syncfiles.vcxproj".
     1>Target "CoreCppClean" in file "C:\Program Files (x86)\Microsoft Visual Studio\2019\Community\MSBuild\Microsoft\VC\v160\Microsoft.CppClean.targets" from project "C:\projects\cpp\fileupdate\syncfiles\syncfiles\syncfiles.vcxproj" (target "CppClean" depends on it):
       Task "MakeDir"
       Done executing task "MakeDir".
       Using "CppClean" task from assembly "C:\Program Files (x86)\Microsoft Visual Studio\2019\Community\MSBuild\Microsoft\VC\v160\Microsoft.Build.CppTasks.Common.dll".
       Task "CppClean"
       Done executing task "CppClean".
       Task "WriteLinesToFile"
       Done executing task "WriteLinesToFile".
     1>Done building target "CoreCppClean" in project "syncfiles.vcxproj".
     1>Target "AfterCppClean" in file "C:\Program Files (x86)\Microsoft Visual Studio\2019\Community\MSBuild\Microsoft\VC\v160\Microsoft.CppClean.targets" from project "C:\projects\cpp\fileupdate\syncfiles\syncfiles\syncfiles.vcxproj" (target "CppClean" depends on it):
     1>Done building target "AfterCppClean" in project "syncfiles.vcxproj".
     1>Target "PGInstrumentedClean" in file "C:\Program Files (x86)\Microsoft Visual Studio\2019\Community\MSBuild\Microsoft\VC\v160\Microsoft.CppClean.targets" from project "C:\projects\cpp\fileupdate\syncfiles\syncfiles\syncfiles.vcxproj" (target "CppClean" depends on it):
       Task "Delete"
       Done executing task "Delete".
     1>Done building target "PGInstrumentedClean" in project "syncfiles.vcxproj".
     1>Target "CppClean" in file "C:\Program Files (x86)\Microsoft Visual Studio\2019\Community\MSBuild\Microsoft\VC\v160\Microsoft.CppClean.targets" from project "C:\projects\cpp\fileupdate\syncfiles\syncfiles\syncfiles.vcxproj" (target "Clean" depends on it):
     1>Done building target "CppClean" in project "syncfiles.vcxproj".
       Target "_CheckForInvalidConfigurationAndPlatform" skipped. Previously built successfully.
       Target "_CheckForInvalidConfigurationAndPlatform" skipped. Previously built successfully.
     1>Target "Clean" in file "C:\Program Files (x86)\Microsoft Visual Studio\2019\Community\MSBuild\Current\Bin\Microsoft.Common.CurrentVersion.targets" from project "C:\projects\cpp\fileupdate\syncfiles\syncfiles\syncfiles.vcxproj" (entry point):
     1>Done building target "Clean" in project "syncfiles.vcxproj".
     1>Done Building Project "C:\projects\cpp\fileupdate\syncfiles\syncfiles\syncfiles.vcxproj" (Clean target(s)).

Build succeeded.
    0 Warning(s)
    0 Error(s)

Time Elapsed 00:00:00.15
