c:\users\matthew\documents\visual studio 2015\projects\syncfiles\syncfiles\release\vc140.pdb
c:\users\matthew\documents\visual studio 2015\projects\syncfiles\syncfiles\release\util.obj
c:\users\matthew\documents\visual studio 2015\projects\syncfiles\syncfiles\release\tcpsock.obj
c:\users\matthew\documents\visual studio 2015\projects\syncfiles\syncfiles\release\linbak.obj
c:\users\matthew\documents\visual studio 2015\projects\syncfiles\syncfiles\release\exceptlinbak.obj
c:\users\matthew\documents\visual studio 2015\projects\syncfiles\syncfiles\release\dirbrowse.obj
c:\users\matthew\documents\visual studio 2015\projects\syncfiles\syncfiles\release\sendfilenamesanddates.obj
c:\users\matthew\documents\visual studio 2015\projects\syncfiles\syncfiles\release\sendfile.obj
c:\users\matthew\documents\visual studio 2015\projects\syncfiles\syncfiles\release\main.obj
c:\users\matthew\documents\visual studio 2015\projects\syncfiles\syncfiles\release\handlerequests.obj
c:\users\matthew\documents\visual studio 2015\projects\syncfiles\syncfiles\release\findfilenamesanddates.obj
c:\users\matthew\documents\visual studio 2015\projects\syncfiles\release\syncfiles.exe
c:\users\matthew\documents\visual studio 2015\projects\syncfiles\release\syncfiles.ipdb
c:\users\matthew\documents\visual studio 2015\projects\syncfiles\release\syncfiles.iobj
c:\users\matthew\documents\visual studio 2015\projects\syncfiles\release\syncfiles.pdb
c:\users\matthew\documents\visual studio 2015\projects\syncfiles\syncfiles\release\syncfiles.tlog\cl.command.1.tlog
c:\users\matthew\documents\visual studio 2015\projects\syncfiles\syncfiles\release\syncfiles.tlog\cl.read.1.tlog
c:\users\matthew\documents\visual studio 2015\projects\syncfiles\syncfiles\release\syncfiles.tlog\cl.write.1.tlog
c:\users\matthew\documents\visual studio 2015\projects\syncfiles\syncfiles\release\syncfiles.tlog\link.command.1.tlog
c:\users\matthew\documents\visual studio 2015\projects\syncfiles\syncfiles\release\syncfiles.tlog\link.read.1.tlog
c:\users\matthew\documents\visual studio 2015\projects\syncfiles\syncfiles\release\syncfiles.tlog\link.write.1.tlog
